[2024-04-29 02:43:50] local.ERROR: The "--remove" option does not exist. {"exception":"[object] (Symfony\\Component\\Console\\Exception\\RuntimeException(code: 0): The \"--remove\" option does not exist. at C:\\APRIBADI\\EVI FITRIYA\\ITTELKOM\\SEMESTER 4\\PEM FRAMWORK\\UTS2\\vendor\\symfony\\console\\Input\\ArgvInput.php:223)
[stacktrace]
#0 C:\\APRIBADI\\EVI FITRIYA\\ITTELKOM\\SEMESTER 4\\PEM FRAMWORK\\UTS2\\vendor\\symfony\\console\\Input\\ArgvInput.php(152): Symfony\\Component\\Console\\Input\\ArgvInput->addLongOption('remove', NULL)
#1 C:\\APRIBADI\\EVI FITRIYA\\ITTELKOM\\SEMESTER 4\\PEM FRAMWORK\\UTS2\\vendor\\symfony\\console\\Input\\ArgvInput.php(85): Symfony\\Component\\Console\\Input\\ArgvInput->parseLongOption('--remove')
#2 C:\\APRIBADI\\EVI FITRIYA\\ITTELKOM\\SEMESTER 4\\PEM FRAMWORK\\UTS2\\vendor\\symfony\\console\\Input\\ArgvInput.php(74): Symfony\\Component\\Console\\Input\\ArgvInput->parseToken('--remove', true)
#3 C:\\APRIBADI\\EVI FITRIYA\\ITTELKOM\\SEMESTER 4\\PEM FRAMWORK\\UTS2\\vendor\\symfony\\console\\Input\\Input.php(56): Symfony\\Component\\Console\\Input\\ArgvInput->parse()
#4 C:\\APRIBADI\\EVI FITRIYA\\ITTELKOM\\SEMESTER 4\\PEM FRAMWORK\\UTS2\\vendor\\symfony\\console\\Command\\Command.php(285): Symfony\\Component\\Console\\Input\\Input->bind(Object(Symfony\\Component\\Console\\Input\\InputDefinition))
#5 C:\\APRIBADI\\EVI FITRIYA\\ITTELKOM\\SEMESTER 4\\PEM FRAMWORK\\UTS2\\vendor\\laravel\\framework\\src\\Illuminate\\Console\\Command.php(153): Symfony\\Component\\Console\\Command\\Command->run(Object(Symfony\\Component\\Console\\Input\\ArgvInput), Object(Illuminate\\Console\\OutputStyle))
#6 C:\\APRIBADI\\EVI FITRIYA\\ITTELKOM\\SEMESTER 4\\PEM FRAMWORK\\UTS2\\vendor\\symfony\\console\\Application.php(1078): Illuminate\\Console\\Command->run(Object(Symfony\\Component\\Console\\Input\\ArgvInput), Object(Symfony\\Component\\Console\\Output\\ConsoleOutput))
#7 C:\\APRIBADI\\EVI FITRIYA\\ITTELKOM\\SEMESTER 4\\PEM FRAMWORK\\UTS2\\vendor\\symfony\\console\\Application.php(324): Symfony\\Component\\Console\\Application->doRunCommand(Object(Illuminate\\Foundation\\Console\\StorageLinkCommand), Object(Symfony\\Component\\Console\\Input\\ArgvInput), Object(Symfony\\Component\\Console\\Output\\ConsoleOutput))
#8 C:\\APRIBADI\\EVI FITRIYA\\ITTELKOM\\SEMESTER 4\\PEM FRAMWORK\\UTS2\\vendor\\symfony\\console\\Application.php(175): Symfony\\Component\\Console\\Application->doRun(Object(Symfony\\Component\\Console\\Input\\ArgvInput), Object(Symfony\\Component\\Console\\Output\\ConsoleOutput))
#9 C:\\APRIBADI\\EVI FITRIYA\\ITTELKOM\\SEMESTER 4\\PEM FRAMWORK\\UTS2\\vendor\\laravel\\framework\\src\\Illuminate\\Console\\Application.php(102): Symfony\\Component\\Console\\Application->run(Object(Symfony\\Component\\Console\\Input\\ArgvInput), Object(Symfony\\Component\\Console\\Output\\ConsoleOutput))
#10 C:\\APRIBADI\\EVI FITRIYA\\ITTELKOM\\SEMESTER 4\\PEM FRAMWORK\\UTS2\\vendor\\laravel\\framework\\src\\Illuminate\\Foundation\\Console\\Kernel.php(155): Illuminate\\Console\\Application->run(Object(Symfony\\Component\\Console\\Input\\ArgvInput), Object(Symfony\\Component\\Console\\Output\\ConsoleOutput))
#11 C:\\APRIBADI\\EVI FITRIYA\\ITTELKOM\\SEMESTER 4\\PEM FRAMWORK\\UTS2\\artisan(37): Illuminate\\Foundation\\Console\\Kernel->handle(Object(Symfony\\Component\\Console\\Input\\ArgvInput), Object(Symfony\\Component\\Console\\Output\\ConsoleOutput))
#12 {main}
"} 
[2024-04-29 02:45:10] local.ERROR: The "--remove" option does not exist. {"exception":"[object] (Symfony\\Component\\Console\\Exception\\RuntimeException(code: 0): The \"--remove\" option does not exist. at C:\\APRIBADI\\EVI FITRIYA\\ITTELKOM\\SEMESTER 4\\PEM FRAMWORK\\UTS2\\vendor\\symfony\\console\\Input\\ArgvInput.php:223)
[stacktrace]
#0 C:\\APRIBADI\\EVI FITRIYA\\ITTELKOM\\SEMESTER 4\\PEM FRAMWORK\\UTS2\\vendor\\symfony\\console\\Input\\ArgvInput.php(152): Symfony\\Component\\Console\\Input\\ArgvInput->addLongOption('remove', NULL)
#1 C:\\APRIBADI\\EVI FITRIYA\\ITTELKOM\\SEMESTER 4\\PEM FRAMWORK\\UTS2\\vendor\\symfony\\console\\Input\\ArgvInput.php(85): Symfony\\Component\\Console\\Input\\ArgvInput->parseLongOption('--remove')
#2 C:\\APRIBADI\\EVI FITRIYA\\ITTELKOM\\SEMESTER 4\\PEM FRAMWORK\\UTS2\\vendor\\symfony\\console\\Input\\ArgvInput.php(74): Symfony\\Component\\Console\\Input\\ArgvInput->parseToken('--remove', true)
#3 C:\\APRIBADI\\EVI FITRIYA\\ITTELKOM\\SEMESTER 4\\PEM FRAMWORK\\UTS2\\vendor\\symfony\\console\\Input\\Input.php(56): Symfony\\Component\\Console\\Input\\ArgvInput->parse()
#4 C:\\APRIBADI\\EVI FITRIYA\\ITTELKOM\\SEMESTER 4\\PEM FRAMWORK\\UTS2\\vendor\\symfony\\console\\Command\\Command.php(285): Symfony\\Component\\Console\\Input\\Input->bind(Object(Symfony\\Component\\Console\\Input\\InputDefinition))
#5 C:\\APRIBADI\\EVI FITRIYA\\ITTELKOM\\SEMESTER 4\\PEM FRAMWORK\\UTS2\\vendor\\laravel\\framework\\src\\Illuminate\\Console\\Command.php(153): Symfony\\Component\\Console\\Command\\Command->run(Object(Symfony\\Component\\Console\\Input\\ArgvInput), Object(Illuminate\\Console\\OutputStyle))
#6 C:\\APRIBADI\\EVI FITRIYA\\ITTELKOM\\SEMESTER 4\\PEM FRAMWORK\\UTS2\\vendor\\symfony\\console\\Application.php(1078): Illuminate\\Console\\Command->run(Object(Symfony\\Component\\Console\\Input\\ArgvInput), Object(Symfony\\Component\\Console\\Output\\ConsoleOutput))
#7 C:\\APRIBADI\\EVI FITRIYA\\ITTELKOM\\SEMESTER 4\\PEM FRAMWORK\\UTS2\\vendor\\symfony\\console\\Application.php(324): Symfony\\Component\\Console\\Application->doRunCommand(Object(Illuminate\\Foundation\\Console\\StorageLinkCommand), Object(Symfony\\Component\\Console\\Input\\ArgvInput), Object(Symfony\\Component\\Console\\Output\\ConsoleOutput))
#8 C:\\APRIBADI\\EVI FITRIYA\\ITTELKOM\\SEMESTER 4\\PEM FRAMWORK\\UTS2\\vendor\\symfony\\console\\Application.php(175): Symfony\\Component\\Console\\Application->doRun(Object(Symfony\\Component\\Console\\Input\\ArgvInput), Object(Symfony\\Component\\Console\\Output\\ConsoleOutput))
#9 C:\\APRIBADI\\EVI FITRIYA\\ITTELKOM\\SEMESTER 4\\PEM FRAMWORK\\UTS2\\vendor\\laravel\\framework\\src\\Illuminate\\Console\\Application.php(102): Symfony\\Component\\Console\\Application->run(Object(Symfony\\Component\\Console\\Input\\ArgvInput), Object(Symfony\\Component\\Console\\Output\\ConsoleOutput))
#10 C:\\APRIBADI\\EVI FITRIYA\\ITTELKOM\\SEMESTER 4\\PEM FRAMWORK\\UTS2\\vendor\\laravel\\framework\\src\\Illuminate\\Foundation\\Console\\Kernel.php(155): Illuminate\\Console\\Application->run(Object(Symfony\\Component\\Console\\Input\\ArgvInput), Object(Symfony\\Component\\Console\\Output\\ConsoleOutput))
#11 C:\\APRIBADI\\EVI FITRIYA\\ITTELKOM\\SEMESTER 4\\PEM FRAMWORK\\UTS2\\artisan(37): Illuminate\\Foundation\\Console\\Kernel->handle(Object(Symfony\\Component\\Console\\Input\\ArgvInput), Object(Symfony\\Component\\Console\\Output\\ConsoleOutput))
#12 {main}
"} 
[2024-04-29 02:56:38] local.ERROR: Please provide a valid cache path. {"exception":"[object] (InvalidArgumentException(code: 0): Please provide a valid cache path. at C:\\APRIBADI\\EVI FITRIYA\\ITTELKOM\\SEMESTER 4\\PEM FRAMWORK\\UTS2\\vendor\\laravel\\framework\\src\\Illuminate\\View\\Compilers\\Compiler.php:66)
[stacktrace]
#0 C:\\APRIBADI\\EVI FITRIYA\\ITTELKOM\\SEMESTER 4\\PEM FRAMWORK\\UTS2\\vendor\\laravel\\framework\\src\\Illuminate\\View\\ViewServiceProvider.php(101): Illuminate\\View\\Compilers\\Compiler->__construct(Object(Illuminate\\Filesystem\\Filesystem), false, '', true, 'php')
#1 C:\\APRIBADI\\EVI FITRIYA\\ITTELKOM\\SEMESTER 4\\PEM FRAMWORK\\UTS2\\vendor\\laravel\\framework\\src\\Illuminate\\Container\\Container.php(885): Illuminate\\View\\ViewServiceProvider->Illuminate\\View\\{closure}(Object(Illuminate\\Foundation\\Application), Array)
#2 C:\\APRIBADI\\EVI FITRIYA\\ITTELKOM\\SEMESTER 4\\PEM FRAMWORK\\UTS2\\vendor\\laravel\\framework\\src\\Illuminate\\Container\\Container.php(770): Illuminate\\Container\\Container->build(Object(Closure))
#3 C:\\APRIBADI\\EVI FITRIYA\\ITTELKOM\\SEMESTER 4\\PEM FRAMWORK\\UTS2\\vendor\\laravel\\framework\\src\\Illuminate\\Foundation\\Application.php(856): Illuminate\\Container\\Container->resolve('blade.compiler', Array, true)
#4 C:\\APRIBADI\\EVI FITRIYA\\ITTELKOM\\SEMESTER 4\\PEM FRAMWORK\\UTS2\\vendor\\laravel\\framework\\src\\Illuminate\\Container\\Container.php(706): Illuminate\\Foundation\\Application->resolve('blade.compiler', Array)
#5 C:\\APRIBADI\\EVI FITRIYA\\ITTELKOM\\SEMESTER 4\\PEM FRAMWORK\\UTS2\\vendor\\laravel\\framework\\src\\Illuminate\\Foundation\\Application.php(841): Illuminate\\Container\\Container->make('blade.compiler', Array)
#6 C:\\APRIBADI\\EVI FITRIYA\\ITTELKOM\\SEMESTER 4\\PEM FRAMWORK\\UTS2\\vendor\\laravel\\framework\\src\\Illuminate\\Container\\Container.php(1431): Illuminate\\Foundation\\Application->make('blade.compiler')
#7 C:\\APRIBADI\\EVI FITRIYA\\ITTELKOM\\SEMESTER 4\\PEM FRAMWORK\\UTS2\\vendor\\laravel\\framework\\src\\Illuminate\\View\\ViewServiceProvider.php(164): Illuminate\\Container\\Container->offsetGet('blade.compiler')
#8 [internal function]: Illuminate\\View\\ViewServiceProvider->Illuminate\\View\\{closure}()
#9 C:\\APRIBADI\\EVI FITRIYA\\ITTELKOM\\SEMESTER 4\\PEM FRAMWORK\\UTS2\\vendor\\laravel\\framework\\src\\Illuminate\\View\\Engines\\EngineResolver.php(55): call_user_func(Object(Closure))
#10 C:\\APRIBADI\\EVI FITRIYA\\ITTELKOM\\SEMESTER 4\\PEM FRAMWORK\\UTS2\\vendor\\laravel\\framework\\src\\Illuminate\\View\\Factory.php(310): Illuminate\\View\\Engines\\EngineResolver->resolve('blade')
#11 C:\\APRIBADI\\EVI FITRIYA\\ITTELKOM\\SEMESTER 4\\PEM FRAMWORK\\UTS2\\vendor\\laravel\\framework\\src\\Illuminate\\View\\Factory.php(274): Illuminate\\View\\Factory->getEngineFromPath('C:\\\\APRIBADI\\\\EVI...')
#12 C:\\APRIBADI\\EVI FITRIYA\\ITTELKOM\\SEMESTER 4\\PEM FRAMWORK\\UTS2\\vendor\\laravel\\framework\\src\\Illuminate\\View\\Factory.php(146): Illuminate\\View\\Factory->viewInstance('Detail', 'C:\\\\APRIBADI\\\\EVI...', Array)
#13 C:\\APRIBADI\\EVI FITRIYA\\ITTELKOM\\SEMESTER 4\\PEM FRAMWORK\\UTS2\\vendor\\laravel\\framework\\src\\Illuminate\\Foundation\\helpers.php(1035): Illuminate\\View\\Factory->make('Detail', Array, Array)
#14 C:\\APRIBADI\\EVI FITRIYA\\ITTELKOM\\SEMESTER 4\\PEM FRAMWORK\\UTS2\\app\\Http\\Controllers\\Others.php(30): view('Detail', Array)
#15 C:\\APRIBADI\\EVI FITRIYA\\ITTELKOM\\SEMESTER 4\\PEM FRAMWORK\\UTS2\\vendor\\laravel\\framework\\src\\Illuminate\\Routing\\Controller.php(54): App\\Http\\Controllers\\Others->getOthersCon('321')
#16 C:\\APRIBADI\\EVI FITRIYA\\ITTELKOM\\SEMESTER 4\\PEM FRAMWORK\\UTS2\\vendor\\laravel\\framework\\src\\Illuminate\\Routing\\ControllerDispatcher.php(43): Illuminate\\Routing\\Controller->callAction('getOthersCon', Array)
#17 C:\\APRIBADI\\EVI FITRIYA\\ITTELKOM\\SEMESTER 4\\PEM FRAMWORK\\UTS2\\vendor\\laravel\\framework\\src\\Illuminate\\Routing\\Route.php(260): Illuminate\\Routing\\ControllerDispatcher->dispatch(Object(Illuminate\\Routing\\Route), Object(App\\Http\\Controllers\\Others), 'getOthersCon')
#18 C:\\APRIBADI\\EVI FITRIYA\\ITTELKOM\\SEMESTER 4\\PEM FRAMWORK\\UTS2\\vendor\\laravel\\framework\\src\\Illuminate\\Routing\\Route.php(205): Illuminate\\Routing\\Route->runController()
#19 C:\\APRIBADI\\EVI FITRIYA\\ITTELKOM\\SEMESTER 4\\PEM FRAMWORK\\UTS2\\vendor\\laravel\\framework\\src\\Illuminate\\Routing\\Router.php(798): Illuminate\\Routing\\Route->run()
#20 C:\\APRIBADI\\EVI FITRIYA\\ITTELKOM\\SEMESTER 4\\PEM FRAMWORK\\UTS2\\vendor\\laravel\\framework\\src\\Illuminate\\Pipeline\\Pipeline.php(141): Illuminate\\Routing\\Router->Illuminate\\Routing\\{closure}(Object(Illuminate\\Http\\Request))
#21 C:\\APRIBADI\\EVI FITRIYA\\ITTELKOM\\SEMESTER 4\\PEM FRAMWORK\\UTS2\\vendor\\laravel\\framework\\src\\Illuminate\\Routing\\Middleware\\SubstituteBindings.php(50): Illuminate\\Pipeline\\Pipeline->Illuminate\\Pipeline\\{closure}(Object(Illuminate\\Http\\Request))
#22 C:\\APRIBADI\\EVI FITRIYA\\ITTELKOM\\SEMESTER 4\\PEM FRAMWORK\\UTS2\\vendor\\laravel\\framework\\src\\Illuminate\\Pipeline\\Pipeline.php(180): Illuminate\\Routing\\Middleware\\SubstituteBindings->handle(Object(Illuminate\\Http\\Request), Object(Closure))
#23 C:\\APRIBADI\\EVI FITRIYA\\ITTELKOM\\SEMESTER 4\\PEM FRAMWORK\\UTS2\\vendor\\laravel\\framework\\src\\Illuminate\\Foundation\\Http\\Middleware\\VerifyCsrfToken.php(78): Illuminate\\Pipeline\\Pipeline->Illuminate\\Pipeline\\{closure}(Object(Illuminate\\Http\\Request))
#24 C:\\APRIBADI\\EVI FITRIYA\\ITTELKOM\\SEMESTER 4\\PEM FRAMWORK\\UTS2\\vendor\\laravel\\framework\\src\\Illuminate\\Pipeline\\Pipeline.php(180): Illuminate\\Foundation\\Http\\Middleware\\VerifyCsrfToken->handle(Object(Illuminate\\Http\\Request), Object(Closure))
#25 C:\\APRIBADI\\EVI FITRIYA\\ITTELKOM\\SEMESTER 4\\PEM FRAMWORK\\UTS2\\vendor\\laravel\\framework\\src\\Illuminate\\View\\Middleware\\ShareErrorsFromSession.php(49): Illuminate\\Pipeline\\Pipeline->Illuminate\\Pipeline\\{closure}(Object(Illuminate\\Http\\Request))
#26 C:\\APRIBADI\\EVI FITRIYA\\ITTELKOM\\SEMESTER 4\\PEM FRAMWORK\\UTS2\\vendor\\laravel\\framework\\src\\Illuminate\\Pipeline\\Pipeline.php(180): Illuminate\\View\\Middleware\\ShareErrorsFromSession->handle(Object(Illuminate\\Http\\Request), Object(Closure))
#27 C:\\APRIBADI\\EVI FITRIYA\\ITTELKOM\\SEMESTER 4\\PEM FRAMWORK\\UTS2\\vendor\\laravel\\framework\\src\\Illuminate\\Session\\Middleware\\StartSession.php(121): Illuminate\\Pipeline\\Pipeline->Illuminate\\Pipeline\\{closure}(Object(Illuminate\\Http\\Request))
#28 C:\\APRIBADI\\EVI FITRIYA\\ITTELKOM\\SEMESTER 4\\PEM FRAMWORK\\UTS2\\vendor\\laravel\\framework\\src\\Illuminate\\Session\\Middleware\\StartSession.php(64): Illuminate\\Session\\Middleware\\StartSession->handleStatefulRequest(Object(Illuminate\\Http\\Request), Object(Illuminate\\Session\\Store), Object(Closure))
#29 C:\\APRIBADI\\EVI FITRIYA\\ITTELKOM\\SEMESTER 4\\PEM FRAMWORK\\UTS2\\vendor\\laravel\\framework\\src\\Illuminate\\Pipeline\\Pipeline.php(180): Illuminate\\Session\\Middleware\\StartSession->handle(Object(Illuminate\\Http\\Request), Object(Closure))
#30 C:\\APRIBADI\\EVI FITRIYA\\ITTELKOM\\SEMESTER 4\\PEM FRAMWORK\\UTS2\\vendor\\laravel\\framework\\src\\Illuminate\\Cookie\\Middleware\\AddQueuedCookiesToResponse.php(37): Illuminate\\Pipeline\\Pipeline->Illuminate\\Pipeline\\{closure}(Object(Illuminate\\Http\\Request))
#31 C:\\APRIBADI\\EVI FITRIYA\\ITTELKOM\\SEMESTER 4\\PEM FRAMWORK\\UTS2\\vendor\\laravel\\framework\\src\\Illuminate\\Pipeline\\Pipeline.php(180): Illuminate\\Cookie\\Middleware\\AddQueuedCookiesToResponse->handle(Object(Illuminate\\Http\\Request), Object(Closure))
#32 C:\\APRIBADI\\EVI FITRIYA\\ITTELKOM\\SEMESTER 4\\PEM FRAMWORK\\UTS2\\vendor\\laravel\\framework\\src\\Illuminate\\Cookie\\Middleware\\EncryptCookies.php(67): Illuminate\\Pipeline\\Pipeline->Illuminate\\Pipeline\\{closure}(Object(Illuminate\\Http\\Request))
#33 C:\\APRIBADI\\EVI FITRIYA\\ITTELKOM\\SEMESTER 4\\PEM FRAMWORK\\UTS2\\vendor\\laravel\\framework\\src\\Illuminate\\Pipeline\\Pipeline.php(180): Illuminate\\Cookie\\Middleware\\EncryptCookies->handle(Object(Illuminate\\Http\\Request), Object(Closure))
#34 C:\\APRIBADI\\EVI FITRIYA\\ITTELKOM\\SEMESTER 4\\PEM FRAMWORK\\UTS2\\vendor\\laravel\\framework\\src\\Illuminate\\Pipeline\\Pipeline.php(116): Illuminate\\Pipeline\\Pipeline->Illuminate\\Pipeline\\{closure}(Object(Illuminate\\Http\\Request))
#35 C:\\APRIBADI\\EVI FITRIYA\\ITTELKOM\\SEMESTER 4\\PEM FRAMWORK\\UTS2\\vendor\\laravel\\framework\\src\\Illuminate\\Routing\\Router.php(799): Illuminate\\Pipeline\\Pipeline->then(Object(Closure))
#36 C:\\APRIBADI\\EVI FITRIYA\\ITTELKOM\\SEMESTER 4\\PEM FRAMWORK\\UTS2\\vendor\\laravel\\framework\\src\\Illuminate\\Routing\\Router.php(776): Illuminate\\Routing\\Router->runRouteWithinStack(Object(Illuminate\\Routing\\Route), Object(Illuminate\\Http\\Request))
#37 C:\\APRIBADI\\EVI FITRIYA\\ITTELKOM\\SEMESTER 4\\PEM FRAMWORK\\UTS2\\vendor\\laravel\\framework\\src\\Illuminate\\Routing\\Router.php(740): Illuminate\\Routing\\Router->runRoute(Object(Illuminate\\Http\\Request), Object(Illuminate\\Routing\\Route))
#38 C:\\APRIBADI\\EVI FITRIYA\\ITTELKOM\\SEMESTER 4\\PEM FRAMWORK\\UTS2\\vendor\\laravel\\framework\\src\\Illuminate\\Routing\\Router.php(729): Illuminate\\Routing\\Router->dispatchToRoute(Object(Illuminate\\Http\\Request))
#39 C:\\APRIBADI\\EVI FITRIYA\\ITTELKOM\\SEMESTER 4\\PEM FRAMWORK\\UTS2\\vendor\\laravel\\framework\\src\\Illuminate\\Foundation\\Http\\Kernel.php(190): Illuminate\\Routing\\Router->dispatch(Object(Illuminate\\Http\\Request))
#40 C:\\APRIBADI\\EVI FITRIYA\\ITTELKOM\\SEMESTER 4\\PEM FRAMWORK\\UTS2\\vendor\\laravel\\framework\\src\\Illuminate\\Pipeline\\Pipeline.php(141): Illuminate\\Foundation\\Http\\Kernel->Illuminate\\Foundation\\Http\\{closure}(Object(Illuminate\\Http\\Request))
#41 C:\\APRIBADI\\EVI FITRIYA\\ITTELKOM\\SEMESTER 4\\PEM FRAMWORK\\UTS2\\vendor\\laravel\\framework\\src\\Illuminate\\Foundation\\Http\\Middleware\\TransformsRequest.php(21): Illuminate\\Pipeline\\Pipeline->Illuminate\\Pipeline\\{closure}(Object(Illuminate\\Http\\Request))
#42 C:\\APRIBADI\\EVI FITRIYA\\ITTELKOM\\SEMESTER 4\\PEM FRAMWORK\\UTS2\\vendor\\laravel\\framework\\src\\Illuminate\\Foundation\\Http\\Middleware\\ConvertEmptyStringsToNull.php(31): Illuminate\\Foundation\\Http\\Middleware\\TransformsRequest->handle(Object(Illuminate\\Http\\Request), Object(Closure))
#43 C:\\APRIBADI\\EVI FITRIYA\\ITTELKOM\\SEMESTER 4\\PEM FRAMWORK\\UTS2\\vendor\\laravel\\framework\\src\\Illuminate\\Pipeline\\Pipeline.php(180): Illuminate\\Foundation\\Http\\Middleware\\ConvertEmptyStringsToNull->handle(Object(Illuminate\\Http\\Request), Object(Closure))
#44 C:\\APRIBADI\\EVI FITRIYA\\ITTELKOM\\SEMESTER 4\\PEM FRAMWORK\\UTS2\\vendor\\laravel\\framework\\src\\Illuminate\\Foundation\\Http\\Middleware\\TransformsRequest.php(21): Illuminate\\Pipeline\\Pipeline->Illuminate\\Pipeline\\{closure}(Object(Illuminate\\Http\\Request))
#45 C:\\APRIBADI\\EVI FITRIYA\\ITTELKOM\\SEMESTER 4\\PEM FRAMWORK\\UTS2\\vendor\\laravel\\framework\\src\\Illuminate\\Foundation\\Http\\Middleware\\TrimStrings.php(40): Illuminate\\Foundation\\Http\\Middleware\\TransformsRequest->handle(Object(Illuminate\\Http\\Request), Object(Closure))
#46 C:\\APRIBADI\\EVI FITRIYA\\ITTELKOM\\SEMESTER 4\\PEM FRAMWORK\\UTS2\\vendor\\laravel\\framework\\src\\Illuminate\\Pipeline\\Pipeline.php(180): Illuminate\\Foundation\\Http\\Middleware\\TrimStrings->handle(Object(Illuminate\\Http\\Request), Object(Closure))
#47 C:\\APRIBADI\\EVI FITRIYA\\ITTELKOM\\SEMESTER 4\\PEM FRAMWORK\\UTS2\\vendor\\laravel\\framework\\src\\Illuminate\\Foundation\\Http\\Middleware\\ValidatePostSize.php(27): Illuminate\\Pipeline\\Pipeline->Illuminate\\Pipeline\\{closure}(Object(Illuminate\\Http\\Request))
#48 C:\\APRIBADI\\EVI FITRIYA\\ITTELKOM\\SEMESTER 4\\PEM FRAMWORK\\UTS2\\vendor\\laravel\\framework\\src\\Illuminate\\Pipeline\\Pipeline.php(180): Illuminate\\Foundation\\Http\\Middleware\\ValidatePostSize->handle(Object(Illuminate\\Http\\Request), Object(Closure))
#49 C:\\APRIBADI\\EVI FITRIYA\\ITTELKOM\\SEMESTER 4\\PEM FRAMWORK\\UTS2\\vendor\\laravel\\framework\\src\\Illuminate\\Foundation\\Http\\Middleware\\PreventRequestsDuringMaintenance.php(86): Illuminate\\Pipeline\\Pipeline->Illuminate\\Pipeline\\{closure}(Object(Illuminate\\Http\\Request))
#50 C:\\APRIBADI\\EVI FITRIYA\\ITTELKOM\\SEMESTER 4\\PEM FRAMWORK\\UTS2\\vendor\\laravel\\framework\\src\\Illuminate\\Pipeline\\Pipeline.php(180): Illuminate\\Foundation\\Http\\Middleware\\PreventRequestsDuringMaintenance->handle(Object(Illuminate\\Http\\Request), Object(Closure))
#51 C:\\APRIBADI\\EVI FITRIYA\\ITTELKOM\\SEMESTER 4\\PEM FRAMWORK\\UTS2\\vendor\\laravel\\framework\\src\\Illuminate\\Http\\Middleware\\HandleCors.php(49): Illuminate\\Pipeline\\Pipeline->Illuminate\\Pipeline\\{closure}(Object(Illuminate\\Http\\Request))
#52 C:\\APRIBADI\\EVI FITRIYA\\ITTELKOM\\SEMESTER 4\\PEM FRAMWORK\\UTS2\\vendor\\laravel\\framework\\src\\Illuminate\\Pipeline\\Pipeline.php(180): Illuminate\\Http\\Middleware\\HandleCors->handle(Object(Illuminate\\Http\\Request), Object(Closure))
#53 C:\\APRIBADI\\EVI FITRIYA\\ITTELKOM\\SEMESTER 4\\PEM FRAMWORK\\UTS2\\vendor\\laravel\\framework\\src\\Illuminate\\Http\\Middleware\\TrustProxies.php(39): Illuminate\\Pipeline\\Pipeline->Illuminate\\Pipeline\\{closure}(Object(Illuminate\\Http\\Request))
#54 C:\\APRIBADI\\EVI FITRIYA\\ITTELKOM\\SEMESTER 4\\PEM FRAMWORK\\UTS2\\vendor\\laravel\\framework\\src\\Illuminate\\Pipeline\\Pipeline.php(180): Illuminate\\Http\\Middleware\\TrustProxies->handle(Object(Illuminate\\Http\\Request), Object(Closure))
#55 C:\\APRIBADI\\EVI FITRIYA\\ITTELKOM\\SEMESTER 4\\PEM FRAMWORK\\UTS2\\vendor\\laravel\\framework\\src\\Illuminate\\Pipeline\\Pipeline.php(116): Illuminate\\Pipeline\\Pipeline->Illuminate\\Pipeline\\{closure}(Object(Illuminate\\Http\\Request))
#56 C:\\APRIBADI\\EVI FITRIYA\\ITTELKOM\\SEMESTER 4\\PEM FRAMWORK\\UTS2\\vendor\\laravel\\framework\\src\\Illuminate\\Foundation\\Http\\Kernel.php(165): Illuminate\\Pipeline\\Pipeline->then(Object(Closure))
#57 C:\\APRIBADI\\EVI FITRIYA\\ITTELKOM\\SEMESTER 4\\PEM FRAMWORK\\UTS2\\vendor\\laravel\\framework\\src\\Illuminate\\Foundation\\Http\\Kernel.php(134): Illuminate\\Foundation\\Http\\Kernel->sendRequestThroughRouter(Object(Illuminate\\Http\\Request))
#58 C:\\APRIBADI\\EVI FITRIYA\\ITTELKOM\\SEMESTER 4\\PEM FRAMWORK\\UTS2\\public\\index.php(52): Illuminate\\Foundation\\Http\\Kernel->handle(Object(Illuminate\\Http\\Request))
#59 C:\\APRIBADI\\EVI FITRIYA\\ITTELKOM\\SEMESTER 4\\PEM FRAMWORK\\UTS2\\vendor\\laravel\\framework\\src\\Illuminate\\Foundation\\resources\\server.php(16): require_once('C:\\\\APRIBADI\\\\EVI...')
#60 {main}
"} 
[2024-04-29 02:56:38] local.ERROR: file_put_contents(C:\APRIBADI\EVI FITRIYA\ITTELKOM\SEMESTER 4\PEM FRAMWORK\UTS2\storage\framework/sessions/TPfuqigIhWrXcUlXuWuNk7O6sGjyMvh2f2hefUPV): Failed to open stream: No such file or directory {"exception":"[object] (ErrorException(code: 0): file_put_contents(C:\\APRIBADI\\EVI FITRIYA\\ITTELKOM\\SEMESTER 4\\PEM FRAMWORK\\UTS2\\storage\\framework/sessions/TPfuqigIhWrXcUlXuWuNk7O6sGjyMvh2f2hefUPV): Failed to open stream: No such file or directory at C:\\APRIBADI\\EVI FITRIYA\\ITTELKOM\\SEMESTER 4\\PEM FRAMWORK\\UTS2\\vendor\\laravel\\framework\\src\\Illuminate\\Filesystem\\Filesystem.php:190)
[stacktrace]
#0 C:\\APRIBADI\\EVI FITRIYA\\ITTELKOM\\SEMESTER 4\\PEM FRAMWORK\\UTS2\\vendor\\laravel\\framework\\src\\Illuminate\\Foundation\\Bootstrap\\HandleExceptions.php(270): Illuminate\\Foundation\\Bootstrap\\HandleExceptions->handleError(2, 'file_put_conten...', 'C:\\\\APRIBADI\\\\EVI...', 190)
#1 [internal function]: Illuminate\\Foundation\\Bootstrap\\HandleExceptions->Illuminate\\Foundation\\Bootstrap\\{closure}(2, 'file_put_conten...', 'C:\\\\APRIBADI\\\\EVI...', 190)
#2 C:\\APRIBADI\\EVI FITRIYA\\ITTELKOM\\SEMESTER 4\\PEM FRAMWORK\\UTS2\\vendor\\laravel\\framework\\src\\Illuminate\\Filesystem\\Filesystem.php(190): file_put_contents('C:\\\\APRIBADI\\\\EVI...', 'a:3:{s:6:\"_toke...', 2)
#3 C:\\APRIBADI\\EVI FITRIYA\\ITTELKOM\\SEMESTER 4\\PEM FRAMWORK\\UTS2\\vendor\\laravel\\framework\\src\\Illuminate\\Session\\FileSessionHandler.php(90): Illuminate\\Filesystem\\Filesystem->put('C:\\\\APRIBADI\\\\EVI...', 'a:3:{s:6:\"_toke...', true)
#4 C:\\APRIBADI\\EVI FITRIYA\\ITTELKOM\\SEMESTER 4\\PEM FRAMWORK\\UTS2\\vendor\\laravel\\framework\\src\\Illuminate\\Session\\Store.php(173): Illuminate\\Session\\FileSessionHandler->write('TPfuqigIhWrXcUl...', 'a:3:{s:6:\"_toke...')
#5 C:\\APRIBADI\\EVI FITRIYA\\ITTELKOM\\SEMESTER 4\\PEM FRAMWORK\\UTS2\\vendor\\laravel\\framework\\src\\Illuminate\\Session\\Middleware\\StartSession.php(238): Illuminate\\Session\\Store->save()
#6 C:\\APRIBADI\\EVI FITRIYA\\ITTELKOM\\SEMESTER 4\\PEM FRAMWORK\\UTS2\\vendor\\laravel\\framework\\src\\Illuminate\\Session\\Middleware\\StartSession.php(130): Illuminate\\Session\\Middleware\\StartSession->saveSession(Object(Illuminate\\Http\\Request))
#7 C:\\APRIBADI\\EVI FITRIYA\\ITTELKOM\\SEMESTER 4\\PEM FRAMWORK\\UTS2\\vendor\\laravel\\framework\\src\\Illuminate\\Session\\Middleware\\StartSession.php(64): Illuminate\\Session\\Middleware\\StartSession->handleStatefulRequest(Object(Illuminate\\Http\\Request), Object(Illuminate\\Session\\Store), Object(Closure))
#8 C:\\APRIBADI\\EVI FITRIYA\\ITTELKOM\\SEMESTER 4\\PEM FRAMWORK\\UTS2\\vendor\\laravel\\framework\\src\\Illuminate\\Pipeline\\Pipeline.php(180): Illuminate\\Session\\Middleware\\StartSession->handle(Object(Illuminate\\Http\\Request), Object(Closure))
#9 C:\\APRIBADI\\EVI FITRIYA\\ITTELKOM\\SEMESTER 4\\PEM FRAMWORK\\UTS2\\vendor\\laravel\\framework\\src\\Illuminate\\Cookie\\Middleware\\AddQueuedCookiesToResponse.php(37): Illuminate\\Pipeline\\Pipeline->Illuminate\\Pipeline\\{closure}(Object(Illuminate\\Http\\Request))
#10 C:\\APRIBADI\\EVI FITRIYA\\ITTELKOM\\SEMESTER 4\\PEM FRAMWORK\\UTS2\\vendor\\laravel\\framework\\src\\Illuminate\\Pipeline\\Pipeline.php(180): Illuminate\\Cookie\\Middleware\\AddQueuedCookiesToResponse->handle(Object(Illuminate\\Http\\Request), Object(Closure))
#11 C:\\APRIBADI\\EVI FITRIYA\\ITTELKOM\\SEMESTER 4\\PEM FRAMWORK\\UTS2\\vendor\\laravel\\framework\\src\\Illuminate\\Cookie\\Middleware\\EncryptCookies.php(67): Illuminate\\Pipeline\\Pipeline->Illuminate\\Pipeline\\{closure}(Object(Illuminate\\Http\\Request))
#12 C:\\APRIBADI\\EVI FITRIYA\\ITTELKOM\\SEMESTER 4\\PEM FRAMWORK\\UTS2\\vendor\\laravel\\framework\\src\\Illuminate\\Pipeline\\Pipeline.php(180): Illuminate\\Cookie\\Middleware\\EncryptCookies->handle(Object(Illuminate\\Http\\Request), Object(Closure))
#13 C:\\APRIBADI\\EVI FITRIYA\\ITTELKOM\\SEMESTER 4\\PEM FRAMWORK\\UTS2\\vendor\\laravel\\framework\\src\\Illuminate\\Pipeline\\Pipeline.php(116): Illuminate\\Pipeline\\Pipeline->Illuminate\\Pipeline\\{closure}(Object(Illuminate\\Http\\Request))
#14 C:\\APRIBADI\\EVI FITRIYA\\ITTELKOM\\SEMESTER 4\\PEM FRAMWORK\\UTS2\\vendor\\laravel\\framework\\src\\Illuminate\\Routing\\Router.php(799): Illuminate\\Pipeline\\Pipeline->then(Object(Closure))
#15 C:\\APRIBADI\\EVI FITRIYA\\ITTELKOM\\SEMESTER 4\\PEM FRAMWORK\\UTS2\\vendor\\laravel\\framework\\src\\Illuminate\\Routing\\Router.php(776): Illuminate\\Routing\\Router->runRouteWithinStack(Object(Illuminate\\Routing\\Route), Object(Illuminate\\Http\\Request))
#16 C:\\APRIBADI\\EVI FITRIYA\\ITTELKOM\\SEMESTER 4\\PEM FRAMWORK\\UTS2\\vendor\\laravel\\framework\\src\\Illuminate\\Routing\\Router.php(740): Illuminate\\Routing\\Router->runRoute(Object(Illuminate\\Http\\Request), Object(Illuminate\\Routing\\Route))
#17 C:\\APRIBADI\\EVI FITRIYA\\ITTELKOM\\SEMESTER 4\\PEM FRAMWORK\\UTS2\\vendor\\laravel\\framework\\src\\Illuminate\\Routing\\Router.php(729): Illuminate\\Routing\\Router->dispatchToRoute(Object(Illuminate\\Http\\Request))
#18 C:\\APRIBADI\\EVI FITRIYA\\ITTELKOM\\SEMESTER 4\\PEM FRAMWORK\\UTS2\\vendor\\laravel\\framework\\src\\Illuminate\\Foundation\\Http\\Kernel.php(190): Illuminate\\Routing\\Router->dispatch(Object(Illuminate\\Http\\Request))
#19 C:\\APRIBADI\\EVI FITRIYA\\ITTELKOM\\SEMESTER 4\\PEM FRAMWORK\\UTS2\\vendor\\laravel\\framework\\src\\Illuminate\\Pipeline\\Pipeline.php(141): Illuminate\\Foundation\\Http\\Kernel->Illuminate\\Foundation\\Http\\{closure}(Object(Illuminate\\Http\\Request))
#20 C:\\APRIBADI\\EVI FITRIYA\\ITTELKOM\\SEMESTER 4\\PEM FRAMWORK\\UTS2\\vendor\\laravel\\framework\\src\\Illuminate\\Foundation\\Http\\Middleware\\TransformsRequest.php(21): Illuminate\\Pipeline\\Pipeline->Illuminate\\Pipeline\\{closure}(Object(Illuminate\\Http\\Request))
#21 C:\\APRIBADI\\EVI FITRIYA\\ITTELKOM\\SEMESTER 4\\PEM FRAMWORK\\UTS2\\vendor\\laravel\\framework\\src\\Illuminate\\Foundation\\Http\\Middleware\\ConvertEmptyStringsToNull.php(31): Illuminate\\Foundation\\Http\\Middleware\\TransformsRequest->handle(Object(Illuminate\\Http\\Request), Object(Closure))
#22 C:\\APRIBADI\\EVI FITRIYA\\ITTELKOM\\SEMESTER 4\\PEM FRAMWORK\\UTS2\\vendor\\laravel\\framework\\src\\Illuminate\\Pipeline\\Pipeline.php(180): Illuminate\\Foundation\\Http\\Middleware\\ConvertEmptyStringsToNull->handle(Object(Illuminate\\Http\\Request), Object(Closure))
#23 C:\\APRIBADI\\EVI FITRIYA\\ITTELKOM\\SEMESTER 4\\PEM FRAMWORK\\UTS2\\vendor\\laravel\\framework\\src\\Illuminate\\Foundation\\Http\\Middleware\\TransformsRequest.php(21): Illuminate\\Pipeline\\Pipeline->Illuminate\\Pipeline\\{closure}(Object(Illuminate\\Http\\Request))
#24 C:\\APRIBADI\\EVI FITRIYA\\ITTELKOM\\SEMESTER 4\\PEM FRAMWORK\\UTS2\\vendor\\laravel\\framework\\src\\Illuminate\\Foundation\\Http\\Middleware\\TrimStrings.php(40): Illuminate\\Foundation\\Http\\Middleware\\TransformsRequest->handle(Object(Illuminate\\Http\\Request), Object(Closure))
#25 C:\\APRIBADI\\EVI FITRIYA\\ITTELKOM\\SEMESTER 4\\PEM FRAMWORK\\UTS2\\vendor\\laravel\\framework\\src\\Illuminate\\Pipeline\\Pipeline.php(180): Illuminate\\Foundation\\Http\\Middleware\\TrimStrings->handle(Object(Illuminate\\Http\\Request), Object(Closure))
#26 C:\\APRIBADI\\EVI FITRIYA\\ITTELKOM\\SEMESTER 4\\PEM FRAMWORK\\UTS2\\vendor\\laravel\\framework\\src\\Illuminate\\Foundation\\Http\\Middleware\\ValidatePostSize.php(27): Illuminate\\Pipeline\\Pipeline->Illuminate\\Pipeline\\{closure}(Object(Illuminate\\Http\\Request))
#27 C:\\APRIBADI\\EVI FITRIYA\\ITTELKOM\\SEMESTER 4\\PEM FRAMWORK\\UTS2\\vendor\\laravel\\framework\\src\\Illuminate\\Pipeline\\Pipeline.php(180): Illuminate\\Foundation\\Http\\Middleware\\ValidatePostSize->handle(Object(Illuminate\\Http\\Request), Object(Closure))
#28 C:\\APRIBADI\\EVI FITRIYA\\ITTELKOM\\SEMESTER 4\\PEM FRAMWORK\\UTS2\\vendor\\laravel\\framework\\src\\Illuminate\\Foundation\\Http\\Middleware\\PreventRequestsDuringMaintenance.php(86): Illuminate\\Pipeline\\Pipeline->Illuminate\\Pipeline\\{closure}(Object(Illuminate\\Http\\Request))
#29 C:\\APRIBADI\\EVI FITRIYA\\ITTELKOM\\SEMESTER 4\\PEM FRAMWORK\\UTS2\\vendor\\laravel\\framework\\src\\Illuminate\\Pipeline\\Pipeline.php(180): Illuminate\\Foundation\\Http\\Middleware\\PreventRequestsDuringMaintenance->handle(Object(Illuminate\\Http\\Request), Object(Closure))
#30 C:\\APRIBADI\\EVI FITRIYA\\ITTELKOM\\SEMESTER 4\\PEM FRAMWORK\\UTS2\\vendor\\laravel\\framework\\src\\Illuminate\\Http\\Middleware\\HandleCors.php(49): Illuminate\\Pipeline\\Pipeline->Illuminate\\Pipeline\\{closure}(Object(Illuminate\\Http\\Request))
#31 C:\\APRIBADI\\EVI FITRIYA\\ITTELKOM\\SEMESTER 4\\PEM FRAMWORK\\UTS2\\vendor\\laravel\\framework\\src\\Illuminate\\Pipeline\\Pipeline.php(180): Illuminate\\Http\\Middleware\\HandleCors->handle(Object(Illuminate\\Http\\Request), Object(Closure))
#32 C:\\APRIBADI\\EVI FITRIYA\\ITTELKOM\\SEMESTER 4\\PEM FRAMWORK\\UTS2\\vendor\\laravel\\framework\\src\\Illuminate\\Http\\Middleware\\TrustProxies.php(39): Illuminate\\Pipeline\\Pipeline->Illuminate\\Pipeline\\{closure}(Object(Illuminate\\Http\\Request))
#33 C:\\APRIBADI\\EVI FITRIYA\\ITTELKOM\\SEMESTER 4\\PEM FRAMWORK\\UTS2\\vendor\\laravel\\framework\\src\\Illuminate\\Pipeline\\Pipeline.php(180): Illuminate\\Http\\Middleware\\TrustProxies->handle(Object(Illuminate\\Http\\Request), Object(Closure))
#34 C:\\APRIBADI\\EVI FITRIYA\\ITTELKOM\\SEMESTER 4\\PEM FRAMWORK\\UTS2\\vendor\\laravel\\framework\\src\\Illuminate\\Pipeline\\Pipeline.php(116): Illuminate\\Pipeline\\Pipeline->Illuminate\\Pipeline\\{closure}(Object(Illuminate\\Http\\Request))
#35 C:\\APRIBADI\\EVI FITRIYA\\ITTELKOM\\SEMESTER 4\\PEM FRAMWORK\\UTS2\\vendor\\laravel\\framework\\src\\Illuminate\\Foundation\\Http\\Kernel.php(165): Illuminate\\Pipeline\\Pipeline->then(Object(Closure))
#36 C:\\APRIBADI\\EVI FITRIYA\\ITTELKOM\\SEMESTER 4\\PEM FRAMWORK\\UTS2\\vendor\\laravel\\framework\\src\\Illuminate\\Foundation\\Http\\Kernel.php(134): Illuminate\\Foundation\\Http\\Kernel->sendRequestThroughRouter(Object(Illuminate\\Http\\Request))
#37 C:\\APRIBADI\\EVI FITRIYA\\ITTELKOM\\SEMESTER 4\\PEM FRAMWORK\\UTS2\\public\\index.php(52): Illuminate\\Foundation\\Http\\Kernel->handle(Object(Illuminate\\Http\\Request))
#38 C:\\APRIBADI\\EVI FITRIYA\\ITTELKOM\\SEMESTER 4\\PEM FRAMWORK\\UTS2\\vendor\\laravel\\framework\\src\\Illuminate\\Foundation\\resources\\server.php(16): require_once('C:\\\\APRIBADI\\\\EVI...')
#39 {main}
"} 
[2024-04-29 02:56:47] local.ERROR: Please provide a valid cache path. {"exception":"[object] (InvalidArgumentException(code: 0): Please provide a valid cache path. at C:\\APRIBADI\\EVI FITRIYA\\ITTELKOM\\SEMESTER 4\\PEM FRAMWORK\\UTS2\\vendor\\laravel\\framework\\src\\Illuminate\\View\\Compilers\\Compiler.php:66)
[stacktrace]
#0 C:\\APRIBADI\\EVI FITRIYA\\ITTELKOM\\SEMESTER 4\\PEM FRAMWORK\\UTS2\\vendor\\laravel\\framework\\src\\Illuminate\\View\\ViewServiceProvider.php(101): Illuminate\\View\\Compilers\\Compiler->__construct(Object(Illuminate\\Filesystem\\Filesystem), false, '', true, 'php')
#1 C:\\APRIBADI\\EVI FITRIYA\\ITTELKOM\\SEMESTER 4\\PEM FRAMWORK\\UTS2\\vendor\\laravel\\framework\\src\\Illuminate\\Container\\Container.php(885): Illuminate\\View\\ViewServiceProvider->Illuminate\\View\\{closure}(Object(Illuminate\\Foundation\\Application), Array)
#2 C:\\APRIBADI\\EVI FITRIYA\\ITTELKOM\\SEMESTER 4\\PEM FRAMWORK\\UTS2\\vendor\\laravel\\framework\\src\\Illuminate\\Container\\Container.php(770): Illuminate\\Container\\Container->build(Object(Closure))
#3 C:\\APRIBADI\\EVI FITRIYA\\ITTELKOM\\SEMESTER 4\\PEM FRAMWORK\\UTS2\\vendor\\laravel\\framework\\src\\Illuminate\\Foundation\\Application.php(856): Illuminate\\Container\\Container->resolve('blade.compiler', Array, true)
#4 C:\\APRIBADI\\EVI FITRIYA\\ITTELKOM\\SEMESTER 4\\PEM FRAMWORK\\UTS2\\vendor\\laravel\\framework\\src\\Illuminate\\Container\\Container.php(706): Illuminate\\Foundation\\Application->resolve('blade.compiler', Array)
#5 C:\\APRIBADI\\EVI FITRIYA\\ITTELKOM\\SEMESTER 4\\PEM FRAMWORK\\UTS2\\vendor\\laravel\\framework\\src\\Illuminate\\Foundation\\Application.php(841): Illuminate\\Container\\Container->make('blade.compiler', Array)
#6 C:\\APRIBADI\\EVI FITRIYA\\ITTELKOM\\SEMESTER 4\\PEM FRAMWORK\\UTS2\\vendor\\laravel\\framework\\src\\Illuminate\\Container\\Container.php(1431): Illuminate\\Foundation\\Application->make('blade.compiler')
#7 C:\\APRIBADI\\EVI FITRIYA\\ITTELKOM\\SEMESTER 4\\PEM FRAMWORK\\UTS2\\vendor\\laravel\\framework\\src\\Illuminate\\View\\ViewServiceProvider.php(164): Illuminate\\Container\\Container->offsetGet('blade.compiler')
#8 [internal function]: Illuminate\\View\\ViewServiceProvider->Illuminate\\View\\{closure}()
#9 C:\\APRIBADI\\EVI FITRIYA\\ITTELKOM\\SEMESTER 4\\PEM FRAMWORK\\UTS2\\vendor\\laravel\\framework\\src\\Illuminate\\View\\Engines\\EngineResolver.php(55): call_user_func(Object(Closure))
#10 C:\\APRIBADI\\EVI FITRIYA\\ITTELKOM\\SEMESTER 4\\PEM FRAMWORK\\UTS2\\vendor\\laravel\\framework\\src\\Illuminate\\View\\Factory.php(310): Illuminate\\View\\Engines\\EngineResolver->resolve('blade')
#11 C:\\APRIBADI\\EVI FITRIYA\\ITTELKOM\\SEMESTER 4\\PEM FRAMWORK\\UTS2\\vendor\\laravel\\framework\\src\\Illuminate\\View\\Factory.php(274): Illuminate\\View\\Factory->getEngineFromPath('C:\\\\APRIBADI\\\\EVI...')
#12 C:\\APRIBADI\\EVI FITRIYA\\ITTELKOM\\SEMESTER 4\\PEM FRAMWORK\\UTS2\\vendor\\laravel\\framework\\src\\Illuminate\\View\\Factory.php(146): Illuminate\\View\\Factory->viewInstance('Index', 'C:\\\\APRIBADI\\\\EVI...', Array)
#13 C:\\APRIBADI\\EVI FITRIYA\\ITTELKOM\\SEMESTER 4\\PEM FRAMWORK\\UTS2\\vendor\\laravel\\framework\\src\\Illuminate\\Foundation\\helpers.php(1035): Illuminate\\View\\Factory->make('Index', Array, Array)
#14 C:\\APRIBADI\\EVI FITRIYA\\ITTELKOM\\SEMESTER 4\\PEM FRAMWORK\\UTS2\\app\\Http\\Controllers\\Index.php(14): view('Index', Array)
#15 C:\\APRIBADI\\EVI FITRIYA\\ITTELKOM\\SEMESTER 4\\PEM FRAMWORK\\UTS2\\vendor\\laravel\\framework\\src\\Illuminate\\Routing\\Controller.php(54): App\\Http\\Controllers\\Index->forIndex()
#16 C:\\APRIBADI\\EVI FITRIYA\\ITTELKOM\\SEMESTER 4\\PEM FRAMWORK\\UTS2\\vendor\\laravel\\framework\\src\\Illuminate\\Routing\\ControllerDispatcher.php(43): Illuminate\\Routing\\Controller->callAction('forIndex', Array)
#17 C:\\APRIBADI\\EVI FITRIYA\\ITTELKOM\\SEMESTER 4\\PEM FRAMWORK\\UTS2\\vendor\\laravel\\framework\\src\\Illuminate\\Routing\\Route.php(260): Illuminate\\Routing\\ControllerDispatcher->dispatch(Object(Illuminate\\Routing\\Route), Object(App\\Http\\Controllers\\Index), 'forIndex')
#18 C:\\APRIBADI\\EVI FITRIYA\\ITTELKOM\\SEMESTER 4\\PEM FRAMWORK\\UTS2\\vendor\\laravel\\framework\\src\\Illuminate\\Routing\\Route.php(205): Illuminate\\Routing\\Route->runController()
#19 C:\\APRIBADI\\EVI FITRIYA\\ITTELKOM\\SEMESTER 4\\PEM FRAMWORK\\UTS2\\vendor\\laravel\\framework\\src\\Illuminate\\Routing\\Router.php(798): Illuminate\\Routing\\Route->run()
#20 C:\\APRIBADI\\EVI FITRIYA\\ITTELKOM\\SEMESTER 4\\PEM FRAMWORK\\UTS2\\vendor\\laravel\\framework\\src\\Illuminate\\Pipeline\\Pipeline.php(141): Illuminate\\Routing\\Router->Illuminate\\Routing\\{closure}(Object(Illuminate\\Http\\Request))
#21 C:\\APRIBADI\\EVI FITRIYA\\ITTELKOM\\SEMESTER 4\\PEM FRAMWORK\\UTS2\\vendor\\laravel\\framework\\src\\Illuminate\\Routing\\Middleware\\SubstituteBindings.php(50): Illuminate\\Pipeline\\Pipeline->Illuminate\\Pipeline\\{closure}(Object(Illuminate\\Http\\Request))
#22 C:\\APRIBADI\\EVI FITRIYA\\ITTELKOM\\SEMESTER 4\\PEM FRAMWORK\\UTS2\\vendor\\laravel\\framework\\src\\Illuminate\\Pipeline\\Pipeline.php(180): Illuminate\\Routing\\Middleware\\SubstituteBindings->handle(Object(Illuminate\\Http\\Request), Object(Closure))
#23 C:\\APRIBADI\\EVI FITRIYA\\ITTELKOM\\SEMESTER 4\\PEM FRAMWORK\\UTS2\\vendor\\laravel\\framework\\src\\Illuminate\\Foundation\\Http\\Middleware\\VerifyCsrfToken.php(78): Illuminate\\Pipeline\\Pipeline->Illuminate\\Pipeline\\{closure}(Object(Illuminate\\Http\\Request))
#24 C:\\APRIBADI\\EVI FITRIYA\\ITTELKOM\\SEMESTER 4\\PEM FRAMWORK\\UTS2\\vendor\\laravel\\framework\\src\\Illuminate\\Pipeline\\Pipeline.php(180): Illuminate\\Foundation\\Http\\Middleware\\VerifyCsrfToken->handle(Object(Illuminate\\Http\\Request), Object(Closure))
#25 C:\\APRIBADI\\EVI FITRIYA\\ITTELKOM\\SEMESTER 4\\PEM FRAMWORK\\UTS2\\vendor\\laravel\\framework\\src\\Illuminate\\View\\Middleware\\ShareErrorsFromSession.php(49): Illuminate\\Pipeline\\Pipeline->Illuminate\\Pipeline\\{closure}(Object(Illuminate\\Http\\Request))
#26 C:\\APRIBADI\\EVI FITRIYA\\ITTELKOM\\SEMESTER 4\\PEM FRAMWORK\\UTS2\\vendor\\laravel\\framework\\src\\Illuminate\\Pipeline\\Pipeline.php(180): Illuminate\\View\\Middleware\\ShareErrorsFromSession->handle(Object(Illuminate\\Http\\Request), Object(Closure))
#27 C:\\APRIBADI\\EVI FITRIYA\\ITTELKOM\\SEMESTER 4\\PEM FRAMWORK\\UTS2\\vendor\\laravel\\framework\\src\\Illuminate\\Session\\Middleware\\StartSession.php(121): Illuminate\\Pipeline\\Pipeline->Illuminate\\Pipeline\\{closure}(Object(Illuminate\\Http\\Request))
#28 C:\\APRIBADI\\EVI FITRIYA\\ITTELKOM\\SEMESTER 4\\PEM FRAMWORK\\UTS2\\vendor\\laravel\\framework\\src\\Illuminate\\Session\\Middleware\\StartSession.php(64): Illuminate\\Session\\Middleware\\StartSession->handleStatefulRequest(Object(Illuminate\\Http\\Request), Object(Illuminate\\Session\\Store), Object(Closure))
#29 C:\\APRIBADI\\EVI FITRIYA\\ITTELKOM\\SEMESTER 4\\PEM FRAMWORK\\UTS2\\vendor\\laravel\\framework\\src\\Illuminate\\Pipeline\\Pipeline.php(180): Illuminate\\Session\\Middleware\\StartSession->handle(Object(Illuminate\\Http\\Request), Object(Closure))
#30 C:\\APRIBADI\\EVI FITRIYA\\ITTELKOM\\SEMESTER 4\\PEM FRAMWORK\\UTS2\\vendor\\laravel\\framework\\src\\Illuminate\\Cookie\\Middleware\\AddQueuedCookiesToResponse.php(37): Illuminate\\Pipeline\\Pipeline->Illuminate\\Pipeline\\{closure}(Object(Illuminate\\Http\\Request))
#31 C:\\APRIBADI\\EVI FITRIYA\\ITTELKOM\\SEMESTER 4\\PEM FRAMWORK\\UTS2\\vendor\\laravel\\framework\\src\\Illuminate\\Pipeline\\Pipeline.php(180): Illuminate\\Cookie\\Middleware\\AddQueuedCookiesToResponse->handle(Object(Illuminate\\Http\\Request), Object(Closure))
#32 C:\\APRIBADI\\EVI FITRIYA\\ITTELKOM\\SEMESTER 4\\PEM FRAMWORK\\UTS2\\vendor\\laravel\\framework\\src\\Illuminate\\Cookie\\Middleware\\EncryptCookies.php(67): Illuminate\\Pipeline\\Pipeline->Illuminate\\Pipeline\\{closure}(Object(Illuminate\\Http\\Request))
#33 C:\\APRIBADI\\EVI FITRIYA\\ITTELKOM\\SEMESTER 4\\PEM FRAMWORK\\UTS2\\vendor\\laravel\\framework\\src\\Illuminate\\Pipeline\\Pipeline.php(180): Illuminate\\Cookie\\Middleware\\EncryptCookies->handle(Object(Illuminate\\Http\\Request), Object(Closure))
#34 C:\\APRIBADI\\EVI FITRIYA\\ITTELKOM\\SEMESTER 4\\PEM FRAMWORK\\UTS2\\vendor\\laravel\\framework\\src\\Illuminate\\Pipeline\\Pipeline.php(116): Illuminate\\Pipeline\\Pipeline->Illuminate\\Pipeline\\{closure}(Object(Illuminate\\Http\\Request))
#35 C:\\APRIBADI\\EVI FITRIYA\\ITTELKOM\\SEMESTER 4\\PEM FRAMWORK\\UTS2\\vendor\\laravel\\framework\\src\\Illuminate\\Routing\\Router.php(799): Illuminate\\Pipeline\\Pipeline->then(Object(Closure))
#36 C:\\APRIBADI\\EVI FITRIYA\\ITTELKOM\\SEMESTER 4\\PEM FRAMWORK\\UTS2\\vendor\\laravel\\framework\\src\\Illuminate\\Routing\\Router.php(776): Illuminate\\Routing\\Router->runRouteWithinStack(Object(Illuminate\\Routing\\Route), Object(Illuminate\\Http\\Request))
#37 C:\\APRIBADI\\EVI FITRIYA\\ITTELKOM\\SEMESTER 4\\PEM FRAMWORK\\UTS2\\vendor\\laravel\\framework\\src\\Illuminate\\Routing\\Router.php(740): Illuminate\\Routing\\Router->runRoute(Object(Illuminate\\Http\\Request), Object(Illuminate\\Routing\\Route))
#38 C:\\APRIBADI\\EVI FITRIYA\\ITTELKOM\\SEMESTER 4\\PEM FRAMWORK\\UTS2\\vendor\\laravel\\framework\\src\\Illuminate\\Routing\\Router.php(729): Illuminate\\Routing\\Router->dispatchToRoute(Object(Illuminate\\Http\\Request))
#39 C:\\APRIBADI\\EVI FITRIYA\\ITTELKOM\\SEMESTER 4\\PEM FRAMWORK\\UTS2\\vendor\\laravel\\framework\\src\\Illuminate\\Foundation\\Http\\Kernel.php(190): Illuminate\\Routing\\Router->dispatch(Object(Illuminate\\Http\\Request))
#40 C:\\APRIBADI\\EVI FITRIYA\\ITTELKOM\\SEMESTER 4\\PEM FRAMWORK\\UTS2\\vendor\\laravel\\framework\\src\\Illuminate\\Pipeline\\Pipeline.php(141): Illuminate\\Foundation\\Http\\Kernel->Illuminate\\Foundation\\Http\\{closure}(Object(Illuminate\\Http\\Request))
#41 C:\\APRIBADI\\EVI FITRIYA\\ITTELKOM\\SEMESTER 4\\PEM FRAMWORK\\UTS2\\vendor\\laravel\\framework\\src\\Illuminate\\Foundation\\Http\\Middleware\\TransformsRequest.php(21): Illuminate\\Pipeline\\Pipeline->Illuminate\\Pipeline\\{closure}(Object(Illuminate\\Http\\Request))
#42 C:\\APRIBADI\\EVI FITRIYA\\ITTELKOM\\SEMESTER 4\\PEM FRAMWORK\\UTS2\\vendor\\laravel\\framework\\src\\Illuminate\\Foundation\\Http\\Middleware\\ConvertEmptyStringsToNull.php(31): Illuminate\\Foundation\\Http\\Middleware\\TransformsRequest->handle(Object(Illuminate\\Http\\Request), Object(Closure))
#43 C:\\APRIBADI\\EVI FITRIYA\\ITTELKOM\\SEMESTER 4\\PEM FRAMWORK\\UTS2\\vendor\\laravel\\framework\\src\\Illuminate\\Pipeline\\Pipeline.php(180): Illuminate\\Foundation\\Http\\Middleware\\ConvertEmptyStringsToNull->handle(Object(Illuminate\\Http\\Request), Object(Closure))
#44 C:\\APRIBADI\\EVI FITRIYA\\ITTELKOM\\SEMESTER 4\\PEM FRAMWORK\\UTS2\\vendor\\laravel\\framework\\src\\Illuminate\\Foundation\\Http\\Middleware\\TransformsRequest.php(21): Illuminate\\Pipeline\\Pipeline->Illuminate\\Pipeline\\{closure}(Object(Illuminate\\Http\\Request))
#45 C:\\APRIBADI\\EVI FITRIYA\\ITTELKOM\\SEMESTER 4\\PEM FRAMWORK\\UTS2\\vendor\\laravel\\framework\\src\\Illuminate\\Foundation\\Http\\Middleware\\TrimStrings.php(40): Illuminate\\Foundation\\Http\\Middleware\\TransformsRequest->handle(Object(Illuminate\\Http\\Request), Object(Closure))
#46 C:\\APRIBADI\\EVI FITRIYA\\ITTELKOM\\SEMESTER 4\\PEM FRAMWORK\\UTS2\\vendor\\laravel\\framework\\src\\Illuminate\\Pipeline\\Pipeline.php(180): Illuminate\\Foundation\\Http\\Middleware\\TrimStrings->handle(Object(Illuminate\\Http\\Request), Object(Closure))
#47 C:\\APRIBADI\\EVI FITRIYA\\ITTELKOM\\SEMESTER 4\\PEM FRAMWORK\\UTS2\\vendor\\laravel\\framework\\src\\Illuminate\\Foundation\\Http\\Middleware\\ValidatePostSize.php(27): Illuminate\\Pipeline\\Pipeline->Illuminate\\Pipeline\\{closure}(Object(Illuminate\\Http\\Request))
#48 C:\\APRIBADI\\EVI FITRIYA\\ITTELKOM\\SEMESTER 4\\PEM FRAMWORK\\UTS2\\vendor\\laravel\\framework\\src\\Illuminate\\Pipeline\\Pipeline.php(180): Illuminate\\Foundation\\Http\\Middleware\\ValidatePostSize->handle(Object(Illuminate\\Http\\Request), Object(Closure))
#49 C:\\APRIBADI\\EVI FITRIYA\\ITTELKOM\\SEMESTER 4\\PEM FRAMWORK\\UTS2\\vendor\\laravel\\framework\\src\\Illuminate\\Foundation\\Http\\Middleware\\PreventRequestsDuringMaintenance.php(86): Illuminate\\Pipeline\\Pipeline->Illuminate\\Pipeline\\{closure}(Object(Illuminate\\Http\\Request))
#50 C:\\APRIBADI\\EVI FITRIYA\\ITTELKOM\\SEMESTER 4\\PEM FRAMWORK\\UTS2\\vendor\\laravel\\framework\\src\\Illuminate\\Pipeline\\Pipeline.php(180): Illuminate\\Foundation\\Http\\Middleware\\PreventRequestsDuringMaintenance->handle(Object(Illuminate\\Http\\Request), Object(Closure))
#51 C:\\APRIBADI\\EVI FITRIYA\\ITTELKOM\\SEMESTER 4\\PEM FRAMWORK\\UTS2\\vendor\\laravel\\framework\\src\\Illuminate\\Http\\Middleware\\HandleCors.php(49): Illuminate\\Pipeline\\Pipeline->Illuminate\\Pipeline\\{closure}(Object(Illuminate\\Http\\Request))
#52 C:\\APRIBADI\\EVI FITRIYA\\ITTELKOM\\SEMESTER 4\\PEM FRAMWORK\\UTS2\\vendor\\laravel\\framework\\src\\Illuminate\\Pipeline\\Pipeline.php(180): Illuminate\\Http\\Middleware\\HandleCors->handle(Object(Illuminate\\Http\\Request), Object(Closure))
#53 C:\\APRIBADI\\EVI FITRIYA\\ITTELKOM\\SEMESTER 4\\PEM FRAMWORK\\UTS2\\vendor\\laravel\\framework\\src\\Illuminate\\Http\\Middleware\\TrustProxies.php(39): Illuminate\\Pipeline\\Pipeline->Illuminate\\Pipeline\\{closure}(Object(Illuminate\\Http\\Request))
#54 C:\\APRIBADI\\EVI FITRIYA\\ITTELKOM\\SEMESTER 4\\PEM FRAMWORK\\UTS2\\vendor\\laravel\\framework\\src\\Illuminate\\Pipeline\\Pipeline.php(180): Illuminate\\Http\\Middleware\\TrustProxies->handle(Object(Illuminate\\Http\\Request), Object(Closure))
#55 C:\\APRIBADI\\EVI FITRIYA\\ITTELKOM\\SEMESTER 4\\PEM FRAMWORK\\UTS2\\vendor\\laravel\\framework\\src\\Illuminate\\Pipeline\\Pipeline.php(116): Illuminate\\Pipeline\\Pipeline->Illuminate\\Pipeline\\{closure}(Object(Illuminate\\Http\\Request))
#56 C:\\APRIBADI\\EVI FITRIYA\\ITTELKOM\\SEMESTER 4\\PEM FRAMWORK\\UTS2\\vendor\\laravel\\framework\\src\\Illuminate\\Foundation\\Http\\Kernel.php(165): Illuminate\\Pipeline\\Pipeline->then(Object(Closure))
#57 C:\\APRIBADI\\EVI FITRIYA\\ITTELKOM\\SEMESTER 4\\PEM FRAMWORK\\UTS2\\vendor\\laravel\\framework\\src\\Illuminate\\Foundation\\Http\\Kernel.php(134): Illuminate\\Foundation\\Http\\Kernel->sendRequestThroughRouter(Object(Illuminate\\Http\\Request))
#58 C:\\APRIBADI\\EVI FITRIYA\\ITTELKOM\\SEMESTER 4\\PEM FRAMWORK\\UTS2\\public\\index.php(52): Illuminate\\Foundation\\Http\\Kernel->handle(Object(Illuminate\\Http\\Request))
#59 C:\\APRIBADI\\EVI FITRIYA\\ITTELKOM\\SEMESTER 4\\PEM FRAMWORK\\UTS2\\vendor\\laravel\\framework\\src\\Illuminate\\Foundation\\resources\\server.php(16): require_once('C:\\\\APRIBADI\\\\EVI...')
#60 {main}
"} 
[2024-04-29 02:56:47] local.ERROR: file_put_contents(C:\APRIBADI\EVI FITRIYA\ITTELKOM\SEMESTER 4\PEM FRAMWORK\UTS2\storage\framework/sessions/TPfuqigIhWrXcUlXuWuNk7O6sGjyMvh2f2hefUPV): Failed to open stream: No such file or directory {"exception":"[object] (ErrorException(code: 0): file_put_contents(C:\\APRIBADI\\EVI FITRIYA\\ITTELKOM\\SEMESTER 4\\PEM FRAMWORK\\UTS2\\storage\\framework/sessions/TPfuqigIhWrXcUlXuWuNk7O6sGjyMvh2f2hefUPV): Failed to open stream: No such file or directory at C:\\APRIBADI\\EVI FITRIYA\\ITTELKOM\\SEMESTER 4\\PEM FRAMWORK\\UTS2\\vendor\\laravel\\framework\\src\\Illuminate\\Filesystem\\Filesystem.php:190)
[stacktrace]
#0 C:\\APRIBADI\\EVI FITRIYA\\ITTELKOM\\SEMESTER 4\\PEM FRAMWORK\\UTS2\\vendor\\laravel\\framework\\src\\Illuminate\\Foundation\\Bootstrap\\HandleExceptions.php(270): Illuminate\\Foundation\\Bootstrap\\HandleExceptions->handleError(2, 'file_put_conten...', 'C:\\\\APRIBADI\\\\EVI...', 190)
#1 [internal function]: Illuminate\\Foundation\\Bootstrap\\HandleExceptions->Illuminate\\Foundation\\Bootstrap\\{closure}(2, 'file_put_conten...', 'C:\\\\APRIBADI\\\\EVI...', 190)
#2 C:\\APRIBADI\\EVI FITRIYA\\ITTELKOM\\SEMESTER 4\\PEM FRAMWORK\\UTS2\\vendor\\laravel\\framework\\src\\Illuminate\\Filesystem\\Filesystem.php(190): file_put_contents('C:\\\\APRIBADI\\\\EVI...', 'a:2:{s:6:\"_toke...', 2)
#3 C:\\APRIBADI\\EVI FITRIYA\\ITTELKOM\\SEMESTER 4\\PEM FRAMWORK\\UTS2\\vendor\\laravel\\framework\\src\\Illuminate\\Session\\FileSessionHandler.php(90): Illuminate\\Filesystem\\Filesystem->put('C:\\\\APRIBADI\\\\EVI...', 'a:2:{s:6:\"_toke...', true)
#4 C:\\APRIBADI\\EVI FITRIYA\\ITTELKOM\\SEMESTER 4\\PEM FRAMWORK\\UTS2\\vendor\\laravel\\framework\\src\\Illuminate\\Session\\Store.php(173): Illuminate\\Session\\FileSessionHandler->write('TPfuqigIhWrXcUl...', 'a:2:{s:6:\"_toke...')
#5 C:\\APRIBADI\\EVI FITRIYA\\ITTELKOM\\SEMESTER 4\\PEM FRAMWORK\\UTS2\\vendor\\laravel\\framework\\src\\Illuminate\\Session\\Middleware\\StartSession.php(238): Illuminate\\Session\\Store->save()
#6 C:\\APRIBADI\\EVI FITRIYA\\ITTELKOM\\SEMESTER 4\\PEM FRAMWORK\\UTS2\\vendor\\laravel\\framework\\src\\Illuminate\\Session\\Middleware\\StartSession.php(130): Illuminate\\Session\\Middleware\\StartSession->saveSession(Object(Illuminate\\Http\\Request))
#7 C:\\APRIBADI\\EVI FITRIYA\\ITTELKOM\\SEMESTER 4\\PEM FRAMWORK\\UTS2\\vendor\\laravel\\framework\\src\\Illuminate\\Session\\Middleware\\StartSession.php(64): Illuminate\\Session\\Middleware\\StartSession->handleStatefulRequest(Object(Illuminate\\Http\\Request), Object(Illuminate\\Session\\Store), Object(Closure))
#8 C:\\APRIBADI\\EVI FITRIYA\\ITTELKOM\\SEMESTER 4\\PEM FRAMWORK\\UTS2\\vendor\\laravel\\framework\\src\\Illuminate\\Pipeline\\Pipeline.php(180): Illuminate\\Session\\Middleware\\StartSession->handle(Object(Illuminate\\Http\\Request), Object(Closure))
#9 C:\\APRIBADI\\EVI FITRIYA\\ITTELKOM\\SEMESTER 4\\PEM FRAMWORK\\UTS2\\vendor\\laravel\\framework\\src\\Illuminate\\Cookie\\Middleware\\AddQueuedCookiesToResponse.php(37): Illuminate\\Pipeline\\Pipeline->Illuminate\\Pipeline\\{closure}(Object(Illuminate\\Http\\Request))
#10 C:\\APRIBADI\\EVI FITRIYA\\ITTELKOM\\SEMESTER 4\\PEM FRAMWORK\\UTS2\\vendor\\laravel\\framework\\src\\Illuminate\\Pipeline\\Pipeline.php(180): Illuminate\\Cookie\\Middleware\\AddQueuedCookiesToResponse->handle(Object(Illuminate\\Http\\Request), Object(Closure))
#11 C:\\APRIBADI\\EVI FITRIYA\\ITTELKOM\\SEMESTER 4\\PEM FRAMWORK\\UTS2\\vendor\\laravel\\framework\\src\\Illuminate\\Cookie\\Middleware\\EncryptCookies.php(67): Illuminate\\Pipeline\\Pipeline->Illuminate\\Pipeline\\{closure}(Object(Illuminate\\Http\\Request))
#12 C:\\APRIBADI\\EVI FITRIYA\\ITTELKOM\\SEMESTER 4\\PEM FRAMWORK\\UTS2\\vendor\\laravel\\framework\\src\\Illuminate\\Pipeline\\Pipeline.php(180): Illuminate\\Cookie\\Middleware\\EncryptCookies->handle(Object(Illuminate\\Http\\Request), Object(Closure))
#13 C:\\APRIBADI\\EVI FITRIYA\\ITTELKOM\\SEMESTER 4\\PEM FRAMWORK\\UTS2\\vendor\\laravel\\framework\\src\\Illuminate\\Pipeline\\Pipeline.php(116): Illuminate\\Pipeline\\Pipeline->Illuminate\\Pipeline\\{closure}(Object(Illuminate\\Http\\Request))
#14 C:\\APRIBADI\\EVI FITRIYA\\ITTELKOM\\SEMESTER 4\\PEM FRAMWORK\\UTS2\\vendor\\laravel\\framework\\src\\Illuminate\\Routing\\Router.php(799): Illuminate\\Pipeline\\Pipeline->then(Object(Closure))
#15 C:\\APRIBADI\\EVI FITRIYA\\ITTELKOM\\SEMESTER 4\\PEM FRAMWORK\\UTS2\\vendor\\laravel\\framework\\src\\Illuminate\\Routing\\Router.php(776): Illuminate\\Routing\\Router->runRouteWithinStack(Object(Illuminate\\Routing\\Route), Object(Illuminate\\Http\\Request))
#16 C:\\APRIBADI\\EVI FITRIYA\\ITTELKOM\\SEMESTER 4\\PEM FRAMWORK\\UTS2\\vendor\\laravel\\framework\\src\\Illuminate\\Routing\\Router.php(740): Illuminate\\Routing\\Router->runRoute(Object(Illuminate\\Http\\Request), Object(Illuminate\\Routing\\Route))
#17 C:\\APRIBADI\\EVI FITRIYA\\ITTELKOM\\SEMESTER 4\\PEM FRAMWORK\\UTS2\\vendor\\laravel\\framework\\src\\Illuminate\\Routing\\Router.php(729): Illuminate\\Routing\\Router->dispatchToRoute(Object(Illuminate\\Http\\Request))
#18 C:\\APRIBADI\\EVI FITRIYA\\ITTELKOM\\SEMESTER 4\\PEM FRAMWORK\\UTS2\\vendor\\laravel\\framework\\src\\Illuminate\\Foundation\\Http\\Kernel.php(190): Illuminate\\Routing\\Router->dispatch(Object(Illuminate\\Http\\Request))
#19 C:\\APRIBADI\\EVI FITRIYA\\ITTELKOM\\SEMESTER 4\\PEM FRAMWORK\\UTS2\\vendor\\laravel\\framework\\src\\Illuminate\\Pipeline\\Pipeline.php(141): Illuminate\\Foundation\\Http\\Kernel->Illuminate\\Foundation\\Http\\{closure}(Object(Illuminate\\Http\\Request))
#20 C:\\APRIBADI\\EVI FITRIYA\\ITTELKOM\\SEMESTER 4\\PEM FRAMWORK\\UTS2\\vendor\\laravel\\framework\\src\\Illuminate\\Foundation\\Http\\Middleware\\TransformsRequest.php(21): Illuminate\\Pipeline\\Pipeline->Illuminate\\Pipeline\\{closure}(Object(Illuminate\\Http\\Request))
#21 C:\\APRIBADI\\EVI FITRIYA\\ITTELKOM\\SEMESTER 4\\PEM FRAMWORK\\UTS2\\vendor\\laravel\\framework\\src\\Illuminate\\Foundation\\Http\\Middleware\\ConvertEmptyStringsToNull.php(31): Illuminate\\Foundation\\Http\\Middleware\\TransformsRequest->handle(Object(Illuminate\\Http\\Request), Object(Closure))
#22 C:\\APRIBADI\\EVI FITRIYA\\ITTELKOM\\SEMESTER 4\\PEM FRAMWORK\\UTS2\\vendor\\laravel\\framework\\src\\Illuminate\\Pipeline\\Pipeline.php(180): Illuminate\\Foundation\\Http\\Middleware\\ConvertEmptyStringsToNull->handle(Object(Illuminate\\Http\\Request), Object(Closure))
#23 C:\\APRIBADI\\EVI FITRIYA\\ITTELKOM\\SEMESTER 4\\PEM FRAMWORK\\UTS2\\vendor\\laravel\\framework\\src\\Illuminate\\Foundation\\Http\\Middleware\\TransformsRequest.php(21): Illuminate\\Pipeline\\Pipeline->Illuminate\\Pipeline\\{closure}(Object(Illuminate\\Http\\Request))
#24 C:\\APRIBADI\\EVI FITRIYA\\ITTELKOM\\SEMESTER 4\\PEM FRAMWORK\\UTS2\\vendor\\laravel\\framework\\src\\Illuminate\\Foundation\\Http\\Middleware\\TrimStrings.php(40): Illuminate\\Foundation\\Http\\Middleware\\TransformsRequest->handle(Object(Illuminate\\Http\\Request), Object(Closure))
#25 C:\\APRIBADI\\EVI FITRIYA\\ITTELKOM\\SEMESTER 4\\PEM FRAMWORK\\UTS2\\vendor\\laravel\\framework\\src\\Illuminate\\Pipeline\\Pipeline.php(180): Illuminate\\Foundation\\Http\\Middleware\\TrimStrings->handle(Object(Illuminate\\Http\\Request), Object(Closure))
#26 C:\\APRIBADI\\EVI FITRIYA\\ITTELKOM\\SEMESTER 4\\PEM FRAMWORK\\UTS2\\vendor\\laravel\\framework\\src\\Illuminate\\Foundation\\Http\\Middleware\\ValidatePostSize.php(27): Illuminate\\Pipeline\\Pipeline->Illuminate\\Pipeline\\{closure}(Object(Illuminate\\Http\\Request))
#27 C:\\APRIBADI\\EVI FITRIYA\\ITTELKOM\\SEMESTER 4\\PEM FRAMWORK\\UTS2\\vendor\\laravel\\framework\\src\\Illuminate\\Pipeline\\Pipeline.php(180): Illuminate\\Foundation\\Http\\Middleware\\ValidatePostSize->handle(Object(Illuminate\\Http\\Request), Object(Closure))
#28 C:\\APRIBADI\\EVI FITRIYA\\ITTELKOM\\SEMESTER 4\\PEM FRAMWORK\\UTS2\\vendor\\laravel\\framework\\src\\Illuminate\\Foundation\\Http\\Middleware\\PreventRequestsDuringMaintenance.php(86): Illuminate\\Pipeline\\Pipeline->Illuminate\\Pipeline\\{closure}(Object(Illuminate\\Http\\Request))
#29 C:\\APRIBADI\\EVI FITRIYA\\ITTELKOM\\SEMESTER 4\\PEM FRAMWORK\\UTS2\\vendor\\laravel\\framework\\src\\Illuminate\\Pipeline\\Pipeline.php(180): Illuminate\\Foundation\\Http\\Middleware\\PreventRequestsDuringMaintenance->handle(Object(Illuminate\\Http\\Request), Object(Closure))
#30 C:\\APRIBADI\\EVI FITRIYA\\ITTELKOM\\SEMESTER 4\\PEM FRAMWORK\\UTS2\\vendor\\laravel\\framework\\src\\Illuminate\\Http\\Middleware\\HandleCors.php(49): Illuminate\\Pipeline\\Pipeline->Illuminate\\Pipeline\\{closure}(Object(Illuminate\\Http\\Request))
#31 C:\\APRIBADI\\EVI FITRIYA\\ITTELKOM\\SEMESTER 4\\PEM FRAMWORK\\UTS2\\vendor\\laravel\\framework\\src\\Illuminate\\Pipeline\\Pipeline.php(180): Illuminate\\Http\\Middleware\\HandleCors->handle(Object(Illuminate\\Http\\Request), Object(Closure))
#32 C:\\APRIBADI\\EVI FITRIYA\\ITTELKOM\\SEMESTER 4\\PEM FRAMWORK\\UTS2\\vendor\\laravel\\framework\\src\\Illuminate\\Http\\Middleware\\TrustProxies.php(39): Illuminate\\Pipeline\\Pipeline->Illuminate\\Pipeline\\{closure}(Object(Illuminate\\Http\\Request))
#33 C:\\APRIBADI\\EVI FITRIYA\\ITTELKOM\\SEMESTER 4\\PEM FRAMWORK\\UTS2\\vendor\\laravel\\framework\\src\\Illuminate\\Pipeline\\Pipeline.php(180): Illuminate\\Http\\Middleware\\TrustProxies->handle(Object(Illuminate\\Http\\Request), Object(Closure))
#34 C:\\APRIBADI\\EVI FITRIYA\\ITTELKOM\\SEMESTER 4\\PEM FRAMWORK\\UTS2\\vendor\\laravel\\framework\\src\\Illuminate\\Pipeline\\Pipeline.php(116): Illuminate\\Pipeline\\Pipeline->Illuminate\\Pipeline\\{closure}(Object(Illuminate\\Http\\Request))
#35 C:\\APRIBADI\\EVI FITRIYA\\ITTELKOM\\SEMESTER 4\\PEM FRAMWORK\\UTS2\\vendor\\laravel\\framework\\src\\Illuminate\\Foundation\\Http\\Kernel.php(165): Illuminate\\Pipeline\\Pipeline->then(Object(Closure))
#36 C:\\APRIBADI\\EVI FITRIYA\\ITTELKOM\\SEMESTER 4\\PEM FRAMWORK\\UTS2\\vendor\\laravel\\framework\\src\\Illuminate\\Foundation\\Http\\Kernel.php(134): Illuminate\\Foundation\\Http\\Kernel->sendRequestThroughRouter(Object(Illuminate\\Http\\Request))
#37 C:\\APRIBADI\\EVI FITRIYA\\ITTELKOM\\SEMESTER 4\\PEM FRAMWORK\\UTS2\\public\\index.php(52): Illuminate\\Foundation\\Http\\Kernel->handle(Object(Illuminate\\Http\\Request))
#38 C:\\APRIBADI\\EVI FITRIYA\\ITTELKOM\\SEMESTER 4\\PEM FRAMWORK\\UTS2\\vendor\\laravel\\framework\\src\\Illuminate\\Foundation\\resources\\server.php(16): require_once('C:\\\\APRIBADI\\\\EVI...')
#39 {main}
"} 
[2024-04-29 02:56:47] local.ERROR: Please provide a valid cache path. {"exception":"[object] (InvalidArgumentException(code: 0): Please provide a valid cache path. at C:\\APRIBADI\\EVI FITRIYA\\ITTELKOM\\SEMESTER 4\\PEM FRAMWORK\\UTS2\\vendor\\laravel\\framework\\src\\Illuminate\\View\\Compilers\\Compiler.php:66)
[stacktrace]
#0 C:\\APRIBADI\\EVI FITRIYA\\ITTELKOM\\SEMESTER 4\\PEM FRAMWORK\\UTS2\\vendor\\laravel\\framework\\src\\Illuminate\\View\\ViewServiceProvider.php(101): Illuminate\\View\\Compilers\\Compiler->__construct(Object(Illuminate\\Filesystem\\Filesystem), false, '', true, 'php')
#1 C:\\APRIBADI\\EVI FITRIYA\\ITTELKOM\\SEMESTER 4\\PEM FRAMWORK\\UTS2\\vendor\\laravel\\framework\\src\\Illuminate\\Container\\Container.php(885): Illuminate\\View\\ViewServiceProvider->Illuminate\\View\\{closure}(Object(Illuminate\\Foundation\\Application), Array)
#2 C:\\APRIBADI\\EVI FITRIYA\\ITTELKOM\\SEMESTER 4\\PEM FRAMWORK\\UTS2\\vendor\\laravel\\framework\\src\\Illuminate\\Container\\Container.php(770): Illuminate\\Container\\Container->build(Object(Closure))
#3 C:\\APRIBADI\\EVI FITRIYA\\ITTELKOM\\SEMESTER 4\\PEM FRAMWORK\\UTS2\\vendor\\laravel\\framework\\src\\Illuminate\\Foundation\\Application.php(856): Illuminate\\Container\\Container->resolve('blade.compiler', Array, true)
#4 C:\\APRIBADI\\EVI FITRIYA\\ITTELKOM\\SEMESTER 4\\PEM FRAMWORK\\UTS2\\vendor\\laravel\\framework\\src\\Illuminate\\Container\\Container.php(706): Illuminate\\Foundation\\Application->resolve('blade.compiler', Array)
#5 C:\\APRIBADI\\EVI FITRIYA\\ITTELKOM\\SEMESTER 4\\PEM FRAMWORK\\UTS2\\vendor\\laravel\\framework\\src\\Illuminate\\Foundation\\Application.php(841): Illuminate\\Container\\Container->make('blade.compiler', Array)
#6 C:\\APRIBADI\\EVI FITRIYA\\ITTELKOM\\SEMESTER 4\\PEM FRAMWORK\\UTS2\\vendor\\laravel\\framework\\src\\Illuminate\\Container\\Container.php(1431): Illuminate\\Foundation\\Application->make('blade.compiler')
#7 C:\\APRIBADI\\EVI FITRIYA\\ITTELKOM\\SEMESTER 4\\PEM FRAMWORK\\UTS2\\vendor\\laravel\\framework\\src\\Illuminate\\View\\ViewServiceProvider.php(164): Illuminate\\Container\\Container->offsetGet('blade.compiler')
#8 [internal function]: Illuminate\\View\\ViewServiceProvider->Illuminate\\View\\{closure}()
#9 C:\\APRIBADI\\EVI FITRIYA\\ITTELKOM\\SEMESTER 4\\PEM FRAMWORK\\UTS2\\vendor\\laravel\\framework\\src\\Illuminate\\View\\Engines\\EngineResolver.php(55): call_user_func(Object(Closure))
#10 C:\\APRIBADI\\EVI FITRIYA\\ITTELKOM\\SEMESTER 4\\PEM FRAMWORK\\UTS2\\vendor\\laravel\\framework\\src\\Illuminate\\View\\Factory.php(310): Illuminate\\View\\Engines\\EngineResolver->resolve('blade')
#11 C:\\APRIBADI\\EVI FITRIYA\\ITTELKOM\\SEMESTER 4\\PEM FRAMWORK\\UTS2\\vendor\\laravel\\framework\\src\\Illuminate\\View\\Factory.php(274): Illuminate\\View\\Factory->getEngineFromPath('C:\\\\APRIBADI\\\\EVI...')
#12 C:\\APRIBADI\\EVI FITRIYA\\ITTELKOM\\SEMESTER 4\\PEM FRAMWORK\\UTS2\\vendor\\laravel\\framework\\src\\Illuminate\\View\\Factory.php(146): Illuminate\\View\\Factory->viewInstance('Index', 'C:\\\\APRIBADI\\\\EVI...', Array)
#13 C:\\APRIBADI\\EVI FITRIYA\\ITTELKOM\\SEMESTER 4\\PEM FRAMWORK\\UTS2\\vendor\\laravel\\framework\\src\\Illuminate\\Foundation\\helpers.php(1035): Illuminate\\View\\Factory->make('Index', Array, Array)
#14 C:\\APRIBADI\\EVI FITRIYA\\ITTELKOM\\SEMESTER 4\\PEM FRAMWORK\\UTS2\\app\\Http\\Controllers\\Index.php(14): view('Index', Array)
#15 C:\\APRIBADI\\EVI FITRIYA\\ITTELKOM\\SEMESTER 4\\PEM FRAMWORK\\UTS2\\vendor\\laravel\\framework\\src\\Illuminate\\Routing\\Controller.php(54): App\\Http\\Controllers\\Index->forIndex()
#16 C:\\APRIBADI\\EVI FITRIYA\\ITTELKOM\\SEMESTER 4\\PEM FRAMWORK\\UTS2\\vendor\\laravel\\framework\\src\\Illuminate\\Routing\\ControllerDispatcher.php(43): Illuminate\\Routing\\Controller->callAction('forIndex', Array)
#17 C:\\APRIBADI\\EVI FITRIYA\\ITTELKOM\\SEMESTER 4\\PEM FRAMWORK\\UTS2\\vendor\\laravel\\framework\\src\\Illuminate\\Routing\\Route.php(260): Illuminate\\Routing\\ControllerDispatcher->dispatch(Object(Illuminate\\Routing\\Route), Object(App\\Http\\Controllers\\Index), 'forIndex')
#18 C:\\APRIBADI\\EVI FITRIYA\\ITTELKOM\\SEMESTER 4\\PEM FRAMWORK\\UTS2\\vendor\\laravel\\framework\\src\\Illuminate\\Routing\\Route.php(205): Illuminate\\Routing\\Route->runController()
#19 C:\\APRIBADI\\EVI FITRIYA\\ITTELKOM\\SEMESTER 4\\PEM FRAMWORK\\UTS2\\vendor\\laravel\\framework\\src\\Illuminate\\Routing\\Router.php(798): Illuminate\\Routing\\Route->run()
#20 C:\\APRIBADI\\EVI FITRIYA\\ITTELKOM\\SEMESTER 4\\PEM FRAMWORK\\UTS2\\vendor\\laravel\\framework\\src\\Illuminate\\Pipeline\\Pipeline.php(141): Illuminate\\Routing\\Router->Illuminate\\Routing\\{closure}(Object(Illuminate\\Http\\Request))
#21 C:\\APRIBADI\\EVI FITRIYA\\ITTELKOM\\SEMESTER 4\\PEM FRAMWORK\\UTS2\\vendor\\laravel\\framework\\src\\Illuminate\\Routing\\Middleware\\SubstituteBindings.php(50): Illuminate\\Pipeline\\Pipeline->Illuminate\\Pipeline\\{closure}(Object(Illuminate\\Http\\Request))
#22 C:\\APRIBADI\\EVI FITRIYA\\ITTELKOM\\SEMESTER 4\\PEM FRAMWORK\\UTS2\\vendor\\laravel\\framework\\src\\Illuminate\\Pipeline\\Pipeline.php(180): Illuminate\\Routing\\Middleware\\SubstituteBindings->handle(Object(Illuminate\\Http\\Request), Object(Closure))
#23 C:\\APRIBADI\\EVI FITRIYA\\ITTELKOM\\SEMESTER 4\\PEM FRAMWORK\\UTS2\\vendor\\laravel\\framework\\src\\Illuminate\\Foundation\\Http\\Middleware\\VerifyCsrfToken.php(78): Illuminate\\Pipeline\\Pipeline->Illuminate\\Pipeline\\{closure}(Object(Illuminate\\Http\\Request))
#24 C:\\APRIBADI\\EVI FITRIYA\\ITTELKOM\\SEMESTER 4\\PEM FRAMWORK\\UTS2\\vendor\\laravel\\framework\\src\\Illuminate\\Pipeline\\Pipeline.php(180): Illuminate\\Foundation\\Http\\Middleware\\VerifyCsrfToken->handle(Object(Illuminate\\Http\\Request), Object(Closure))
#25 C:\\APRIBADI\\EVI FITRIYA\\ITTELKOM\\SEMESTER 4\\PEM FRAMWORK\\UTS2\\vendor\\laravel\\framework\\src\\Illuminate\\View\\Middleware\\ShareErrorsFromSession.php(49): Illuminate\\Pipeline\\Pipeline->Illuminate\\Pipeline\\{closure}(Object(Illuminate\\Http\\Request))
#26 C:\\APRIBADI\\EVI FITRIYA\\ITTELKOM\\SEMESTER 4\\PEM FRAMWORK\\UTS2\\vendor\\laravel\\framework\\src\\Illuminate\\Pipeline\\Pipeline.php(180): Illuminate\\View\\Middleware\\ShareErrorsFromSession->handle(Object(Illuminate\\Http\\Request), Object(Closure))
#27 C:\\APRIBADI\\EVI FITRIYA\\ITTELKOM\\SEMESTER 4\\PEM FRAMWORK\\UTS2\\vendor\\laravel\\framework\\src\\Illuminate\\Session\\Middleware\\StartSession.php(121): Illuminate\\Pipeline\\Pipeline->Illuminate\\Pipeline\\{closure}(Object(Illuminate\\Http\\Request))
#28 C:\\APRIBADI\\EVI FITRIYA\\ITTELKOM\\SEMESTER 4\\PEM FRAMWORK\\UTS2\\vendor\\laravel\\framework\\src\\Illuminate\\Session\\Middleware\\StartSession.php(64): Illuminate\\Session\\Middleware\\StartSession->handleStatefulRequest(Object(Illuminate\\Http\\Request), Object(Illuminate\\Session\\Store), Object(Closure))
#29 C:\\APRIBADI\\EVI FITRIYA\\ITTELKOM\\SEMESTER 4\\PEM FRAMWORK\\UTS2\\vendor\\laravel\\framework\\src\\Illuminate\\Pipeline\\Pipeline.php(180): Illuminate\\Session\\Middleware\\StartSession->handle(Object(Illuminate\\Http\\Request), Object(Closure))
#30 C:\\APRIBADI\\EVI FITRIYA\\ITTELKOM\\SEMESTER 4\\PEM FRAMWORK\\UTS2\\vendor\\laravel\\framework\\src\\Illuminate\\Cookie\\Middleware\\AddQueuedCookiesToResponse.php(37): Illuminate\\Pipeline\\Pipeline->Illuminate\\Pipeline\\{closure}(Object(Illuminate\\Http\\Request))
#31 C:\\APRIBADI\\EVI FITRIYA\\ITTELKOM\\SEMESTER 4\\PEM FRAMWORK\\UTS2\\vendor\\laravel\\framework\\src\\Illuminate\\Pipeline\\Pipeline.php(180): Illuminate\\Cookie\\Middleware\\AddQueuedCookiesToResponse->handle(Object(Illuminate\\Http\\Request), Object(Closure))
#32 C:\\APRIBADI\\EVI FITRIYA\\ITTELKOM\\SEMESTER 4\\PEM FRAMWORK\\UTS2\\vendor\\laravel\\framework\\src\\Illuminate\\Cookie\\Middleware\\EncryptCookies.php(67): Illuminate\\Pipeline\\Pipeline->Illuminate\\Pipeline\\{closure}(Object(Illuminate\\Http\\Request))
#33 C:\\APRIBADI\\EVI FITRIYA\\ITTELKOM\\SEMESTER 4\\PEM FRAMWORK\\UTS2\\vendor\\laravel\\framework\\src\\Illuminate\\Pipeline\\Pipeline.php(180): Illuminate\\Cookie\\Middleware\\EncryptCookies->handle(Object(Illuminate\\Http\\Request), Object(Closure))
#34 C:\\APRIBADI\\EVI FITRIYA\\ITTELKOM\\SEMESTER 4\\PEM FRAMWORK\\UTS2\\vendor\\laravel\\framework\\src\\Illuminate\\Pipeline\\Pipeline.php(116): Illuminate\\Pipeline\\Pipeline->Illuminate\\Pipeline\\{closure}(Object(Illuminate\\Http\\Request))
#35 C:\\APRIBADI\\EVI FITRIYA\\ITTELKOM\\SEMESTER 4\\PEM FRAMWORK\\UTS2\\vendor\\laravel\\framework\\src\\Illuminate\\Routing\\Router.php(799): Illuminate\\Pipeline\\Pipeline->then(Object(Closure))
#36 C:\\APRIBADI\\EVI FITRIYA\\ITTELKOM\\SEMESTER 4\\PEM FRAMWORK\\UTS2\\vendor\\laravel\\framework\\src\\Illuminate\\Routing\\Router.php(776): Illuminate\\Routing\\Router->runRouteWithinStack(Object(Illuminate\\Routing\\Route), Object(Illuminate\\Http\\Request))
#37 C:\\APRIBADI\\EVI FITRIYA\\ITTELKOM\\SEMESTER 4\\PEM FRAMWORK\\UTS2\\vendor\\laravel\\framework\\src\\Illuminate\\Routing\\Router.php(740): Illuminate\\Routing\\Router->runRoute(Object(Illuminate\\Http\\Request), Object(Illuminate\\Routing\\Route))
#38 C:\\APRIBADI\\EVI FITRIYA\\ITTELKOM\\SEMESTER 4\\PEM FRAMWORK\\UTS2\\vendor\\laravel\\framework\\src\\Illuminate\\Routing\\Router.php(729): Illuminate\\Routing\\Router->dispatchToRoute(Object(Illuminate\\Http\\Request))
#39 C:\\APRIBADI\\EVI FITRIYA\\ITTELKOM\\SEMESTER 4\\PEM FRAMWORK\\UTS2\\vendor\\laravel\\framework\\src\\Illuminate\\Foundation\\Http\\Kernel.php(190): Illuminate\\Routing\\Router->dispatch(Object(Illuminate\\Http\\Request))
#40 C:\\APRIBADI\\EVI FITRIYA\\ITTELKOM\\SEMESTER 4\\PEM FRAMWORK\\UTS2\\vendor\\laravel\\framework\\src\\Illuminate\\Pipeline\\Pipeline.php(141): Illuminate\\Foundation\\Http\\Kernel->Illuminate\\Foundation\\Http\\{closure}(Object(Illuminate\\Http\\Request))
#41 C:\\APRIBADI\\EVI FITRIYA\\ITTELKOM\\SEMESTER 4\\PEM FRAMWORK\\UTS2\\vendor\\laravel\\framework\\src\\Illuminate\\Foundation\\Http\\Middleware\\TransformsRequest.php(21): Illuminate\\Pipeline\\Pipeline->Illuminate\\Pipeline\\{closure}(Object(Illuminate\\Http\\Request))
#42 C:\\APRIBADI\\EVI FITRIYA\\ITTELKOM\\SEMESTER 4\\PEM FRAMWORK\\UTS2\\vendor\\laravel\\framework\\src\\Illuminate\\Foundation\\Http\\Middleware\\ConvertEmptyStringsToNull.php(31): Illuminate\\Foundation\\Http\\Middleware\\TransformsRequest->handle(Object(Illuminate\\Http\\Request), Object(Closure))
#43 C:\\APRIBADI\\EVI FITRIYA\\ITTELKOM\\SEMESTER 4\\PEM FRAMWORK\\UTS2\\vendor\\laravel\\framework\\src\\Illuminate\\Pipeline\\Pipeline.php(180): Illuminate\\Foundation\\Http\\Middleware\\ConvertEmptyStringsToNull->handle(Object(Illuminate\\Http\\Request), Object(Closure))
#44 C:\\APRIBADI\\EVI FITRIYA\\ITTELKOM\\SEMESTER 4\\PEM FRAMWORK\\UTS2\\vendor\\laravel\\framework\\src\\Illuminate\\Foundation\\Http\\Middleware\\TransformsRequest.php(21): Illuminate\\Pipeline\\Pipeline->Illuminate\\Pipeline\\{closure}(Object(Illuminate\\Http\\Request))
#45 C:\\APRIBADI\\EVI FITRIYA\\ITTELKOM\\SEMESTER 4\\PEM FRAMWORK\\UTS2\\vendor\\laravel\\framework\\src\\Illuminate\\Foundation\\Http\\Middleware\\TrimStrings.php(40): Illuminate\\Foundation\\Http\\Middleware\\TransformsRequest->handle(Object(Illuminate\\Http\\Request), Object(Closure))
#46 C:\\APRIBADI\\EVI FITRIYA\\ITTELKOM\\SEMESTER 4\\PEM FRAMWORK\\UTS2\\vendor\\laravel\\framework\\src\\Illuminate\\Pipeline\\Pipeline.php(180): Illuminate\\Foundation\\Http\\Middleware\\TrimStrings->handle(Object(Illuminate\\Http\\Request), Object(Closure))
#47 C:\\APRIBADI\\EVI FITRIYA\\ITTELKOM\\SEMESTER 4\\PEM FRAMWORK\\UTS2\\vendor\\laravel\\framework\\src\\Illuminate\\Foundation\\Http\\Middleware\\ValidatePostSize.php(27): Illuminate\\Pipeline\\Pipeline->Illuminate\\Pipeline\\{closure}(Object(Illuminate\\Http\\Request))
#48 C:\\APRIBADI\\EVI FITRIYA\\ITTELKOM\\SEMESTER 4\\PEM FRAMWORK\\UTS2\\vendor\\laravel\\framework\\src\\Illuminate\\Pipeline\\Pipeline.php(180): Illuminate\\Foundation\\Http\\Middleware\\ValidatePostSize->handle(Object(Illuminate\\Http\\Request), Object(Closure))
#49 C:\\APRIBADI\\EVI FITRIYA\\ITTELKOM\\SEMESTER 4\\PEM FRAMWORK\\UTS2\\vendor\\laravel\\framework\\src\\Illuminate\\Foundation\\Http\\Middleware\\PreventRequestsDuringMaintenance.php(86): Illuminate\\Pipeline\\Pipeline->Illuminate\\Pipeline\\{closure}(Object(Illuminate\\Http\\Request))
#50 C:\\APRIBADI\\EVI FITRIYA\\ITTELKOM\\SEMESTER 4\\PEM FRAMWORK\\UTS2\\vendor\\laravel\\framework\\src\\Illuminate\\Pipeline\\Pipeline.php(180): Illuminate\\Foundation\\Http\\Middleware\\PreventRequestsDuringMaintenance->handle(Object(Illuminate\\Http\\Request), Object(Closure))
#51 C:\\APRIBADI\\EVI FITRIYA\\ITTELKOM\\SEMESTER 4\\PEM FRAMWORK\\UTS2\\vendor\\laravel\\framework\\src\\Illuminate\\Http\\Middleware\\HandleCors.php(49): Illuminate\\Pipeline\\Pipeline->Illuminate\\Pipeline\\{closure}(Object(Illuminate\\Http\\Request))
#52 C:\\APRIBADI\\EVI FITRIYA\\ITTELKOM\\SEMESTER 4\\PEM FRAMWORK\\UTS2\\vendor\\laravel\\framework\\src\\Illuminate\\Pipeline\\Pipeline.php(180): Illuminate\\Http\\Middleware\\HandleCors->handle(Object(Illuminate\\Http\\Request), Object(Closure))
#53 C:\\APRIBADI\\EVI FITRIYA\\ITTELKOM\\SEMESTER 4\\PEM FRAMWORK\\UTS2\\vendor\\laravel\\framework\\src\\Illuminate\\Http\\Middleware\\TrustProxies.php(39): Illuminate\\Pipeline\\Pipeline->Illuminate\\Pipeline\\{closure}(Object(Illuminate\\Http\\Request))
#54 C:\\APRIBADI\\EVI FITRIYA\\ITTELKOM\\SEMESTER 4\\PEM FRAMWORK\\UTS2\\vendor\\laravel\\framework\\src\\Illuminate\\Pipeline\\Pipeline.php(180): Illuminate\\Http\\Middleware\\TrustProxies->handle(Object(Illuminate\\Http\\Request), Object(Closure))
#55 C:\\APRIBADI\\EVI FITRIYA\\ITTELKOM\\SEMESTER 4\\PEM FRAMWORK\\UTS2\\vendor\\laravel\\framework\\src\\Illuminate\\Pipeline\\Pipeline.php(116): Illuminate\\Pipeline\\Pipeline->Illuminate\\Pipeline\\{closure}(Object(Illuminate\\Http\\Request))
#56 C:\\APRIBADI\\EVI FITRIYA\\ITTELKOM\\SEMESTER 4\\PEM FRAMWORK\\UTS2\\vendor\\laravel\\framework\\src\\Illuminate\\Foundation\\Http\\Kernel.php(165): Illuminate\\Pipeline\\Pipeline->then(Object(Closure))
#57 C:\\APRIBADI\\EVI FITRIYA\\ITTELKOM\\SEMESTER 4\\PEM FRAMWORK\\UTS2\\vendor\\laravel\\framework\\src\\Illuminate\\Foundation\\Http\\Kernel.php(134): Illuminate\\Foundation\\Http\\Kernel->sendRequestThroughRouter(Object(Illuminate\\Http\\Request))
#58 C:\\APRIBADI\\EVI FITRIYA\\ITTELKOM\\SEMESTER 4\\PEM FRAMWORK\\UTS2\\public\\index.php(52): Illuminate\\Foundation\\Http\\Kernel->handle(Object(Illuminate\\Http\\Request))
#59 C:\\APRIBADI\\EVI FITRIYA\\ITTELKOM\\SEMESTER 4\\PEM FRAMWORK\\UTS2\\vendor\\laravel\\framework\\src\\Illuminate\\Foundation\\resources\\server.php(16): require_once('C:\\\\APRIBADI\\\\EVI...')
#60 {main}
"} 
[2024-04-29 02:56:48] local.ERROR: file_put_contents(C:\APRIBADI\EVI FITRIYA\ITTELKOM\SEMESTER 4\PEM FRAMWORK\UTS2\storage\framework/sessions/TPfuqigIhWrXcUlXuWuNk7O6sGjyMvh2f2hefUPV): Failed to open stream: No such file or directory {"exception":"[object] (ErrorException(code: 0): file_put_contents(C:\\APRIBADI\\EVI FITRIYA\\ITTELKOM\\SEMESTER 4\\PEM FRAMWORK\\UTS2\\storage\\framework/sessions/TPfuqigIhWrXcUlXuWuNk7O6sGjyMvh2f2hefUPV): Failed to open stream: No such file or directory at C:\\APRIBADI\\EVI FITRIYA\\ITTELKOM\\SEMESTER 4\\PEM FRAMWORK\\UTS2\\vendor\\laravel\\framework\\src\\Illuminate\\Filesystem\\Filesystem.php:190)
[stacktrace]
#0 C:\\APRIBADI\\EVI FITRIYA\\ITTELKOM\\SEMESTER 4\\PEM FRAMWORK\\UTS2\\vendor\\laravel\\framework\\src\\Illuminate\\Foundation\\Bootstrap\\HandleExceptions.php(270): Illuminate\\Foundation\\Bootstrap\\HandleExceptions->handleError(2, 'file_put_conten...', 'C:\\\\APRIBADI\\\\EVI...', 190)
#1 [internal function]: Illuminate\\Foundation\\Bootstrap\\HandleExceptions->Illuminate\\Foundation\\Bootstrap\\{closure}(2, 'file_put_conten...', 'C:\\\\APRIBADI\\\\EVI...', 190)
#2 C:\\APRIBADI\\EVI FITRIYA\\ITTELKOM\\SEMESTER 4\\PEM FRAMWORK\\UTS2\\vendor\\laravel\\framework\\src\\Illuminate\\Filesystem\\Filesystem.php(190): file_put_contents('C:\\\\APRIBADI\\\\EVI...', 'a:3:{s:6:\"_toke...', 2)
#3 C:\\APRIBADI\\EVI FITRIYA\\ITTELKOM\\SEMESTER 4\\PEM FRAMWORK\\UTS2\\vendor\\laravel\\framework\\src\\Illuminate\\Session\\FileSessionHandler.php(90): Illuminate\\Filesystem\\Filesystem->put('C:\\\\APRIBADI\\\\EVI...', 'a:3:{s:6:\"_toke...', true)
#4 C:\\APRIBADI\\EVI FITRIYA\\ITTELKOM\\SEMESTER 4\\PEM FRAMWORK\\UTS2\\vendor\\laravel\\framework\\src\\Illuminate\\Session\\Store.php(173): Illuminate\\Session\\FileSessionHandler->write('TPfuqigIhWrXcUl...', 'a:3:{s:6:\"_toke...')
#5 C:\\APRIBADI\\EVI FITRIYA\\ITTELKOM\\SEMESTER 4\\PEM FRAMWORK\\UTS2\\vendor\\laravel\\framework\\src\\Illuminate\\Session\\Middleware\\StartSession.php(238): Illuminate\\Session\\Store->save()
#6 C:\\APRIBADI\\EVI FITRIYA\\ITTELKOM\\SEMESTER 4\\PEM FRAMWORK\\UTS2\\vendor\\laravel\\framework\\src\\Illuminate\\Session\\Middleware\\StartSession.php(130): Illuminate\\Session\\Middleware\\StartSession->saveSession(Object(Illuminate\\Http\\Request))
#7 C:\\APRIBADI\\EVI FITRIYA\\ITTELKOM\\SEMESTER 4\\PEM FRAMWORK\\UTS2\\vendor\\laravel\\framework\\src\\Illuminate\\Session\\Middleware\\StartSession.php(64): Illuminate\\Session\\Middleware\\StartSession->handleStatefulRequest(Object(Illuminate\\Http\\Request), Object(Illuminate\\Session\\Store), Object(Closure))
#8 C:\\APRIBADI\\EVI FITRIYA\\ITTELKOM\\SEMESTER 4\\PEM FRAMWORK\\UTS2\\vendor\\laravel\\framework\\src\\Illuminate\\Pipeline\\Pipeline.php(180): Illuminate\\Session\\Middleware\\StartSession->handle(Object(Illuminate\\Http\\Request), Object(Closure))
#9 C:\\APRIBADI\\EVI FITRIYA\\ITTELKOM\\SEMESTER 4\\PEM FRAMWORK\\UTS2\\vendor\\laravel\\framework\\src\\Illuminate\\Cookie\\Middleware\\AddQueuedCookiesToResponse.php(37): Illuminate\\Pipeline\\Pipeline->Illuminate\\Pipeline\\{closure}(Object(Illuminate\\Http\\Request))
#10 C:\\APRIBADI\\EVI FITRIYA\\ITTELKOM\\SEMESTER 4\\PEM FRAMWORK\\UTS2\\vendor\\laravel\\framework\\src\\Illuminate\\Pipeline\\Pipeline.php(180): Illuminate\\Cookie\\Middleware\\AddQueuedCookiesToResponse->handle(Object(Illuminate\\Http\\Request), Object(Closure))
#11 C:\\APRIBADI\\EVI FITRIYA\\ITTELKOM\\SEMESTER 4\\PEM FRAMWORK\\UTS2\\vendor\\laravel\\framework\\src\\Illuminate\\Cookie\\Middleware\\EncryptCookies.php(67): Illuminate\\Pipeline\\Pipeline->Illuminate\\Pipeline\\{closure}(Object(Illuminate\\Http\\Request))
#12 C:\\APRIBADI\\EVI FITRIYA\\ITTELKOM\\SEMESTER 4\\PEM FRAMWORK\\UTS2\\vendor\\laravel\\framework\\src\\Illuminate\\Pipeline\\Pipeline.php(180): Illuminate\\Cookie\\Middleware\\EncryptCookies->handle(Object(Illuminate\\Http\\Request), Object(Closure))
#13 C:\\APRIBADI\\EVI FITRIYA\\ITTELKOM\\SEMESTER 4\\PEM FRAMWORK\\UTS2\\vendor\\laravel\\framework\\src\\Illuminate\\Pipeline\\Pipeline.php(116): Illuminate\\Pipeline\\Pipeline->Illuminate\\Pipeline\\{closure}(Object(Illuminate\\Http\\Request))
#14 C:\\APRIBADI\\EVI FITRIYA\\ITTELKOM\\SEMESTER 4\\PEM FRAMWORK\\UTS2\\vendor\\laravel\\framework\\src\\Illuminate\\Routing\\Router.php(799): Illuminate\\Pipeline\\Pipeline->then(Object(Closure))
#15 C:\\APRIBADI\\EVI FITRIYA\\ITTELKOM\\SEMESTER 4\\PEM FRAMWORK\\UTS2\\vendor\\laravel\\framework\\src\\Illuminate\\Routing\\Router.php(776): Illuminate\\Routing\\Router->runRouteWithinStack(Object(Illuminate\\Routing\\Route), Object(Illuminate\\Http\\Request))
#16 C:\\APRIBADI\\EVI FITRIYA\\ITTELKOM\\SEMESTER 4\\PEM FRAMWORK\\UTS2\\vendor\\laravel\\framework\\src\\Illuminate\\Routing\\Router.php(740): Illuminate\\Routing\\Router->runRoute(Object(Illuminate\\Http\\Request), Object(Illuminate\\Routing\\Route))
#17 C:\\APRIBADI\\EVI FITRIYA\\ITTELKOM\\SEMESTER 4\\PEM FRAMWORK\\UTS2\\vendor\\laravel\\framework\\src\\Illuminate\\Routing\\Router.php(729): Illuminate\\Routing\\Router->dispatchToRoute(Object(Illuminate\\Http\\Request))
#18 C:\\APRIBADI\\EVI FITRIYA\\ITTELKOM\\SEMESTER 4\\PEM FRAMWORK\\UTS2\\vendor\\laravel\\framework\\src\\Illuminate\\Foundation\\Http\\Kernel.php(190): Illuminate\\Routing\\Router->dispatch(Object(Illuminate\\Http\\Request))
#19 C:\\APRIBADI\\EVI FITRIYA\\ITTELKOM\\SEMESTER 4\\PEM FRAMWORK\\UTS2\\vendor\\laravel\\framework\\src\\Illuminate\\Pipeline\\Pipeline.php(141): Illuminate\\Foundation\\Http\\Kernel->Illuminate\\Foundation\\Http\\{closure}(Object(Illuminate\\Http\\Request))
#20 C:\\APRIBADI\\EVI FITRIYA\\ITTELKOM\\SEMESTER 4\\PEM FRAMWORK\\UTS2\\vendor\\laravel\\framework\\src\\Illuminate\\Foundation\\Http\\Middleware\\TransformsRequest.php(21): Illuminate\\Pipeline\\Pipeline->Illuminate\\Pipeline\\{closure}(Object(Illuminate\\Http\\Request))
#21 C:\\APRIBADI\\EVI FITRIYA\\ITTELKOM\\SEMESTER 4\\PEM FRAMWORK\\UTS2\\vendor\\laravel\\framework\\src\\Illuminate\\Foundation\\Http\\Middleware\\ConvertEmptyStringsToNull.php(31): Illuminate\\Foundation\\Http\\Middleware\\TransformsRequest->handle(Object(Illuminate\\Http\\Request), Object(Closure))
#22 C:\\APRIBADI\\EVI FITRIYA\\ITTELKOM\\SEMESTER 4\\PEM FRAMWORK\\UTS2\\vendor\\laravel\\framework\\src\\Illuminate\\Pipeline\\Pipeline.php(180): Illuminate\\Foundation\\Http\\Middleware\\ConvertEmptyStringsToNull->handle(Object(Illuminate\\Http\\Request), Object(Closure))
#23 C:\\APRIBADI\\EVI FITRIYA\\ITTELKOM\\SEMESTER 4\\PEM FRAMWORK\\UTS2\\vendor\\laravel\\framework\\src\\Illuminate\\Foundation\\Http\\Middleware\\TransformsRequest.php(21): Illuminate\\Pipeline\\Pipeline->Illuminate\\Pipeline\\{closure}(Object(Illuminate\\Http\\Request))
#24 C:\\APRIBADI\\EVI FITRIYA\\ITTELKOM\\SEMESTER 4\\PEM FRAMWORK\\UTS2\\vendor\\laravel\\framework\\src\\Illuminate\\Foundation\\Http\\Middleware\\TrimStrings.php(40): Illuminate\\Foundation\\Http\\Middleware\\TransformsRequest->handle(Object(Illuminate\\Http\\Request), Object(Closure))
#25 C:\\APRIBADI\\EVI FITRIYA\\ITTELKOM\\SEMESTER 4\\PEM FRAMWORK\\UTS2\\vendor\\laravel\\framework\\src\\Illuminate\\Pipeline\\Pipeline.php(180): Illuminate\\Foundation\\Http\\Middleware\\TrimStrings->handle(Object(Illuminate\\Http\\Request), Object(Closure))
#26 C:\\APRIBADI\\EVI FITRIYA\\ITTELKOM\\SEMESTER 4\\PEM FRAMWORK\\UTS2\\vendor\\laravel\\framework\\src\\Illuminate\\Foundation\\Http\\Middleware\\ValidatePostSize.php(27): Illuminate\\Pipeline\\Pipeline->Illuminate\\Pipeline\\{closure}(Object(Illuminate\\Http\\Request))
#27 C:\\APRIBADI\\EVI FITRIYA\\ITTELKOM\\SEMESTER 4\\PEM FRAMWORK\\UTS2\\vendor\\laravel\\framework\\src\\Illuminate\\Pipeline\\Pipeline.php(180): Illuminate\\Foundation\\Http\\Middleware\\ValidatePostSize->handle(Object(Illuminate\\Http\\Request), Object(Closure))
#28 C:\\APRIBADI\\EVI FITRIYA\\ITTELKOM\\SEMESTER 4\\PEM FRAMWORK\\UTS2\\vendor\\laravel\\framework\\src\\Illuminate\\Foundation\\Http\\Middleware\\PreventRequestsDuringMaintenance.php(86): Illuminate\\Pipeline\\Pipeline->Illuminate\\Pipeline\\{closure}(Object(Illuminate\\Http\\Request))
#29 C:\\APRIBADI\\EVI FITRIYA\\ITTELKOM\\SEMESTER 4\\PEM FRAMWORK\\UTS2\\vendor\\laravel\\framework\\src\\Illuminate\\Pipeline\\Pipeline.php(180): Illuminate\\Foundation\\Http\\Middleware\\PreventRequestsDuringMaintenance->handle(Object(Illuminate\\Http\\Request), Object(Closure))
#30 C:\\APRIBADI\\EVI FITRIYA\\ITTELKOM\\SEMESTER 4\\PEM FRAMWORK\\UTS2\\vendor\\laravel\\framework\\src\\Illuminate\\Http\\Middleware\\HandleCors.php(49): Illuminate\\Pipeline\\Pipeline->Illuminate\\Pipeline\\{closure}(Object(Illuminate\\Http\\Request))
#31 C:\\APRIBADI\\EVI FITRIYA\\ITTELKOM\\SEMESTER 4\\PEM FRAMWORK\\UTS2\\vendor\\laravel\\framework\\src\\Illuminate\\Pipeline\\Pipeline.php(180): Illuminate\\Http\\Middleware\\HandleCors->handle(Object(Illuminate\\Http\\Request), Object(Closure))
#32 C:\\APRIBADI\\EVI FITRIYA\\ITTELKOM\\SEMESTER 4\\PEM FRAMWORK\\UTS2\\vendor\\laravel\\framework\\src\\Illuminate\\Http\\Middleware\\TrustProxies.php(39): Illuminate\\Pipeline\\Pipeline->Illuminate\\Pipeline\\{closure}(Object(Illuminate\\Http\\Request))
#33 C:\\APRIBADI\\EVI FITRIYA\\ITTELKOM\\SEMESTER 4\\PEM FRAMWORK\\UTS2\\vendor\\laravel\\framework\\src\\Illuminate\\Pipeline\\Pipeline.php(180): Illuminate\\Http\\Middleware\\TrustProxies->handle(Object(Illuminate\\Http\\Request), Object(Closure))
#34 C:\\APRIBADI\\EVI FITRIYA\\ITTELKOM\\SEMESTER 4\\PEM FRAMWORK\\UTS2\\vendor\\laravel\\framework\\src\\Illuminate\\Pipeline\\Pipeline.php(116): Illuminate\\Pipeline\\Pipeline->Illuminate\\Pipeline\\{closure}(Object(Illuminate\\Http\\Request))
#35 C:\\APRIBADI\\EVI FITRIYA\\ITTELKOM\\SEMESTER 4\\PEM FRAMWORK\\UTS2\\vendor\\laravel\\framework\\src\\Illuminate\\Foundation\\Http\\Kernel.php(165): Illuminate\\Pipeline\\Pipeline->then(Object(Closure))
#36 C:\\APRIBADI\\EVI FITRIYA\\ITTELKOM\\SEMESTER 4\\PEM FRAMWORK\\UTS2\\vendor\\laravel\\framework\\src\\Illuminate\\Foundation\\Http\\Kernel.php(134): Illuminate\\Foundation\\Http\\Kernel->sendRequestThroughRouter(Object(Illuminate\\Http\\Request))
#37 C:\\APRIBADI\\EVI FITRIYA\\ITTELKOM\\SEMESTER 4\\PEM FRAMWORK\\UTS2\\public\\index.php(52): Illuminate\\Foundation\\Http\\Kernel->handle(Object(Illuminate\\Http\\Request))
#38 C:\\APRIBADI\\EVI FITRIYA\\ITTELKOM\\SEMESTER 4\\PEM FRAMWORK\\UTS2\\vendor\\laravel\\framework\\src\\Illuminate\\Foundation\\resources\\server.php(16): require_once('C:\\\\APRIBADI\\\\EVI...')
#39 {main}
"} 
